Linked: (/home/seif/catkin_ws/devel/.private/tug_navigation_tools/lib/tug_navigation_tools/translational_movement_server.py, /home/seif/catkin_ws/devel/lib/tug_navigation_tools/translational_movement_server.py)
Linked: (/home/seif/catkin_ws/devel/.private/tug_navigation_tools/lib/tug_navigation_tools/parallel_parking_client.py, /home/seif/catkin_ws/devel/lib/tug_navigation_tools/parallel_parking_client.py)
Linked: (/home/seif/catkin_ws/devel/.private/tug_navigation_tools/lib/tug_navigation_tools/store_last_position.py, /home/seif/catkin_ws/devel/lib/tug_navigation_tools/store_last_position.py)
Linked: (/home/seif/catkin_ws/devel/.private/tug_navigation_tools/lib/tug_navigation_tools/rotate_to_angle_server.py, /home/seif/catkin_ws/devel/lib/tug_navigation_tools/rotate_to_angle_server.py)
Linked: (/home/seif/catkin_ws/devel/.private/tug_navigation_tools/lib/tug_navigation_tools/prenavigation_pathplanner_client.py, /home/seif/catkin_ws/devel/lib/tug_navigation_tools/prenavigation_pathplanner_client.py)
Linked: (/home/seif/catkin_ws/devel/.private/tug_navigation_tools/lib/tug_navigation_tools/rotational_movement_client.py, /home/seif/catkin_ws/devel/lib/tug_navigation_tools/rotational_movement_client.py)
Linked: (/home/seif/catkin_ws/devel/.private/tug_navigation_tools/lib/tug_navigation_tools/cmake.lock, /home/seif/catkin_ws/devel/lib/tug_navigation_tools/cmake.lock)
Linked: (/home/seif/catkin_ws/devel/.private/tug_navigation_tools/lib/tug_navigation_tools/parallel_parking_server.py, /home/seif/catkin_ws/devel/lib/tug_navigation_tools/parallel_parking_server.py)
Linked: (/home/seif/catkin_ws/devel/.private/tug_navigation_tools/lib/tug_navigation_tools/translational_movement_client.py, /home/seif/catkin_ws/devel/lib/tug_navigation_tools/translational_movement_client.py)
Linked: (/home/seif/catkin_ws/devel/.private/tug_navigation_tools/lib/tug_navigation_tools/trajectory_server.py, /home/seif/catkin_ws/devel/lib/tug_navigation_tools/trajectory_server.py)
Linked: (/home/seif/catkin_ws/devel/.private/tug_navigation_tools/lib/tug_navigation_tools/trajectory_client.py, /home/seif/catkin_ws/devel/lib/tug_navigation_tools/trajectory_client.py)
Linked: (/home/seif/catkin_ws/devel/.private/tug_navigation_tools/lib/tug_navigation_tools/fine_positioning_client.py, /home/seif/catkin_ws/devel/lib/tug_navigation_tools/fine_positioning_client.py)
Linked: (/home/seif/catkin_ws/devel/.private/tug_navigation_tools/lib/tug_navigation_tools/fine_positioning_server.py, /home/seif/catkin_ws/devel/lib/tug_navigation_tools/fine_positioning_server.py)
Linked: (/home/seif/catkin_ws/devel/.private/tug_navigation_tools/lib/tug_navigation_tools/battery_test.py, /home/seif/catkin_ws/devel/lib/tug_navigation_tools/battery_test.py)
Linked: (/home/seif/catkin_ws/devel/.private/tug_navigation_tools/lib/tug_navigation_tools/rotational_movement_server.py, /home/seif/catkin_ws/devel/lib/tug_navigation_tools/rotational_movement_server.py)
Linked: (/home/seif/catkin_ws/devel/.private/tug_navigation_tools/lib/tug_navigation_tools/filter_scan_rear.py, /home/seif/catkin_ws/devel/lib/tug_navigation_tools/filter_scan_rear.py)
Linked: (/home/seif/catkin_ws/devel/.private/tug_navigation_tools/lib/tug_navigation_tools/prenavigation_pathplanner_server.py, /home/seif/catkin_ws/devel/lib/tug_navigation_tools/prenavigation_pathplanner_server.py)
Linked: (/home/seif/catkin_ws/devel/.private/tug_navigation_tools/lib/tug_navigation_tools/test_node.py, /home/seif/catkin_ws/devel/lib/tug_navigation_tools/test_node.py)
Linked: (/home/seif/catkin_ws/devel/.private/tug_navigation_tools/lib/python3/dist-packages/tug_navigation_tools/__init__.py, /home/seif/catkin_ws/devel/lib/python3/dist-packages/tug_navigation_tools/__init__.py)
Linked: (/home/seif/catkin_ws/devel/.private/tug_navigation_tools/lib/python3/dist-packages/tug_navigation_tools/msg/__init__.py, /home/seif/catkin_ws/devel/lib/python3/dist-packages/tug_navigation_tools/msg/__init__.py)
Linked: (/home/seif/catkin_ws/devel/.private/tug_navigation_tools/lib/python3/dist-packages/tug_navigation_tools/msg/_AccelerationStamped.py, /home/seif/catkin_ws/devel/lib/python3/dist-packages/tug_navigation_tools/msg/_AccelerationStamped.py)
Linked: (/home/seif/catkin_ws/devel/.private/tug_navigation_tools/lib/python3/dist-packages/tug_navigation_tools/msg/_EmergencyStop.py, /home/seif/catkin_ws/devel/lib/python3/dist-packages/tug_navigation_tools/msg/_EmergencyStop.py)
Linked: (/home/seif/catkin_ws/devel/.private/tug_navigation_tools/lib/python3/dist-packages/tug_navigation_tools/srv/_trajectory.py, /home/seif/catkin_ws/devel/lib/python3/dist-packages/tug_navigation_tools/srv/_trajectory.py)
Linked: (/home/seif/catkin_ws/devel/.private/tug_navigation_tools/lib/python3/dist-packages/tug_navigation_tools/srv/_calculate_rotation.py, /home/seif/catkin_ws/devel/lib/python3/dist-packages/tug_navigation_tools/srv/_calculate_rotation.py)
Linked: (/home/seif/catkin_ws/devel/.private/tug_navigation_tools/lib/python3/dist-packages/tug_navigation_tools/srv/_parking_position.py, /home/seif/catkin_ws/devel/lib/python3/dist-packages/tug_navigation_tools/srv/_parking_position.py)
Linked: (/home/seif/catkin_ws/devel/.private/tug_navigation_tools/lib/python3/dist-packages/tug_navigation_tools/srv/_FinePositioning.py, /home/seif/catkin_ws/devel/lib/python3/dist-packages/tug_navigation_tools/srv/_FinePositioning.py)
Linked: (/home/seif/catkin_ws/devel/.private/tug_navigation_tools/lib/python3/dist-packages/tug_navigation_tools/srv/_rotate_to_angle.py, /home/seif/catkin_ws/devel/lib/python3/dist-packages/tug_navigation_tools/srv/_rotate_to_angle.py)
Linked: (/home/seif/catkin_ws/devel/.private/tug_navigation_tools/lib/python3/dist-packages/tug_navigation_tools/srv/_rotational_movement.py, /home/seif/catkin_ws/devel/lib/python3/dist-packages/tug_navigation_tools/srv/_rotational_movement.py)
Linked: (/home/seif/catkin_ws/devel/.private/tug_navigation_tools/lib/python3/dist-packages/tug_navigation_tools/srv/_PrenavigationPathplanner.py, /home/seif/catkin_ws/devel/lib/python3/dist-packages/tug_navigation_tools/srv/_PrenavigationPathplanner.py)
Linked: (/home/seif/catkin_ws/devel/.private/tug_navigation_tools/lib/python3/dist-packages/tug_navigation_tools/srv/__init__.py, /home/seif/catkin_ws/devel/lib/python3/dist-packages/tug_navigation_tools/srv/__init__.py)
Linked: (/home/seif/catkin_ws/devel/.private/tug_navigation_tools/lib/python3/dist-packages/tug_navigation_tools/srv/_translational_movement.py, /home/seif/catkin_ws/devel/lib/python3/dist-packages/tug_navigation_tools/srv/_translational_movement.py)
Linked: (/home/seif/catkin_ws/devel/.private/tug_navigation_tools/lib/python3/dist-packages/project_name/__init__.py, /home/seif/catkin_ws/devel/lib/python3/dist-packages/project_name/__init__.py)
Linked: (/home/seif/catkin_ws/devel/.private/tug_navigation_tools/lib/pkgconfig/tug_navigation_tools.pc, /home/seif/catkin_ws/devel/lib/pkgconfig/tug_navigation_tools.pc)
Linked: (/home/seif/catkin_ws/devel/.private/tug_navigation_tools/share/tug_navigation_tools/cmake/tug_navigation_tools-msg-extras.cmake, /home/seif/catkin_ws/devel/share/tug_navigation_tools/cmake/tug_navigation_tools-msg-extras.cmake)
Linked: (/home/seif/catkin_ws/devel/.private/tug_navigation_tools/share/tug_navigation_tools/cmake/tug_navigation_toolsConfig-version.cmake, /home/seif/catkin_ws/devel/share/tug_navigation_tools/cmake/tug_navigation_toolsConfig-version.cmake)
Linked: (/home/seif/catkin_ws/devel/.private/tug_navigation_tools/share/tug_navigation_tools/cmake/tug_navigation_tools-msg-paths.cmake, /home/seif/catkin_ws/devel/share/tug_navigation_tools/cmake/tug_navigation_tools-msg-paths.cmake)
Linked: (/home/seif/catkin_ws/devel/.private/tug_navigation_tools/share/tug_navigation_tools/cmake/tug_navigation_toolsConfig.cmake, /home/seif/catkin_ws/devel/share/tug_navigation_tools/cmake/tug_navigation_toolsConfig.cmake)
Linked: (/home/seif/catkin_ws/devel/.private/tug_navigation_tools/share/gennodejs/ros/tug_navigation_tools/_index.js, /home/seif/catkin_ws/devel/share/gennodejs/ros/tug_navigation_tools/_index.js)
Linked: (/home/seif/catkin_ws/devel/.private/tug_navigation_tools/share/gennodejs/ros/tug_navigation_tools/msg/AccelerationStamped.js, /home/seif/catkin_ws/devel/share/gennodejs/ros/tug_navigation_tools/msg/AccelerationStamped.js)
Linked: (/home/seif/catkin_ws/devel/.private/tug_navigation_tools/share/gennodejs/ros/tug_navigation_tools/msg/_index.js, /home/seif/catkin_ws/devel/share/gennodejs/ros/tug_navigation_tools/msg/_index.js)
Linked: (/home/seif/catkin_ws/devel/.private/tug_navigation_tools/share/gennodejs/ros/tug_navigation_tools/msg/EmergencyStop.js, /home/seif/catkin_ws/devel/share/gennodejs/ros/tug_navigation_tools/msg/EmergencyStop.js)
Linked: (/home/seif/catkin_ws/devel/.private/tug_navigation_tools/share/gennodejs/ros/tug_navigation_tools/srv/FinePositioning.js, /home/seif/catkin_ws/devel/share/gennodejs/ros/tug_navigation_tools/srv/FinePositioning.js)
Linked: (/home/seif/catkin_ws/devel/.private/tug_navigation_tools/share/gennodejs/ros/tug_navigation_tools/srv/trajectory.js, /home/seif/catkin_ws/devel/share/gennodejs/ros/tug_navigation_tools/srv/trajectory.js)
Linked: (/home/seif/catkin_ws/devel/.private/tug_navigation_tools/share/gennodejs/ros/tug_navigation_tools/srv/translational_movement.js, /home/seif/catkin_ws/devel/share/gennodejs/ros/tug_navigation_tools/srv/translational_movement.js)
Linked: (/home/seif/catkin_ws/devel/.private/tug_navigation_tools/share/gennodejs/ros/tug_navigation_tools/srv/rotate_to_angle.js, /home/seif/catkin_ws/devel/share/gennodejs/ros/tug_navigation_tools/srv/rotate_to_angle.js)
Linked: (/home/seif/catkin_ws/devel/.private/tug_navigation_tools/share/gennodejs/ros/tug_navigation_tools/srv/PrenavigationPathplanner.js, /home/seif/catkin_ws/devel/share/gennodejs/ros/tug_navigation_tools/srv/PrenavigationPathplanner.js)
Linked: (/home/seif/catkin_ws/devel/.private/tug_navigation_tools/share/gennodejs/ros/tug_navigation_tools/srv/calculate_rotation.js, /home/seif/catkin_ws/devel/share/gennodejs/ros/tug_navigation_tools/srv/calculate_rotation.js)
Linked: (/home/seif/catkin_ws/devel/.private/tug_navigation_tools/share/gennodejs/ros/tug_navigation_tools/srv/rotational_movement.js, /home/seif/catkin_ws/devel/share/gennodejs/ros/tug_navigation_tools/srv/rotational_movement.js)
Linked: (/home/seif/catkin_ws/devel/.private/tug_navigation_tools/share/gennodejs/ros/tug_navigation_tools/srv/_index.js, /home/seif/catkin_ws/devel/share/gennodejs/ros/tug_navigation_tools/srv/_index.js)
Linked: (/home/seif/catkin_ws/devel/.private/tug_navigation_tools/share/gennodejs/ros/tug_navigation_tools/srv/parking_position.js, /home/seif/catkin_ws/devel/share/gennodejs/ros/tug_navigation_tools/srv/parking_position.js)
Linked: (/home/seif/catkin_ws/devel/.private/tug_navigation_tools/share/roseus/ros/tug_navigation_tools/manifest.l, /home/seif/catkin_ws/devel/share/roseus/ros/tug_navigation_tools/manifest.l)
Linked: (/home/seif/catkin_ws/devel/.private/tug_navigation_tools/share/roseus/ros/tug_navigation_tools/msg/EmergencyStop.l, /home/seif/catkin_ws/devel/share/roseus/ros/tug_navigation_tools/msg/EmergencyStop.l)
Linked: (/home/seif/catkin_ws/devel/.private/tug_navigation_tools/share/roseus/ros/tug_navigation_tools/msg/AccelerationStamped.l, /home/seif/catkin_ws/devel/share/roseus/ros/tug_navigation_tools/msg/AccelerationStamped.l)
Linked: (/home/seif/catkin_ws/devel/.private/tug_navigation_tools/share/roseus/ros/tug_navigation_tools/srv/PrenavigationPathplanner.l, /home/seif/catkin_ws/devel/share/roseus/ros/tug_navigation_tools/srv/PrenavigationPathplanner.l)
Linked: (/home/seif/catkin_ws/devel/.private/tug_navigation_tools/share/roseus/ros/tug_navigation_tools/srv/rotate_to_angle.l, /home/seif/catkin_ws/devel/share/roseus/ros/tug_navigation_tools/srv/rotate_to_angle.l)
Linked: (/home/seif/catkin_ws/devel/.private/tug_navigation_tools/share/roseus/ros/tug_navigation_tools/srv/FinePositioning.l, /home/seif/catkin_ws/devel/share/roseus/ros/tug_navigation_tools/srv/FinePositioning.l)
Linked: (/home/seif/catkin_ws/devel/.private/tug_navigation_tools/share/roseus/ros/tug_navigation_tools/srv/rotational_movement.l, /home/seif/catkin_ws/devel/share/roseus/ros/tug_navigation_tools/srv/rotational_movement.l)
Linked: (/home/seif/catkin_ws/devel/.private/tug_navigation_tools/share/roseus/ros/tug_navigation_tools/srv/parking_position.l, /home/seif/catkin_ws/devel/share/roseus/ros/tug_navigation_tools/srv/parking_position.l)
Linked: (/home/seif/catkin_ws/devel/.private/tug_navigation_tools/share/roseus/ros/tug_navigation_tools/srv/calculate_rotation.l, /home/seif/catkin_ws/devel/share/roseus/ros/tug_navigation_tools/srv/calculate_rotation.l)
Linked: (/home/seif/catkin_ws/devel/.private/tug_navigation_tools/share/roseus/ros/tug_navigation_tools/srv/trajectory.l, /home/seif/catkin_ws/devel/share/roseus/ros/tug_navigation_tools/srv/trajectory.l)
Linked: (/home/seif/catkin_ws/devel/.private/tug_navigation_tools/share/roseus/ros/tug_navigation_tools/srv/translational_movement.l, /home/seif/catkin_ws/devel/share/roseus/ros/tug_navigation_tools/srv/translational_movement.l)
Linked: (/home/seif/catkin_ws/devel/.private/tug_navigation_tools/share/common-lisp/ros/tug_navigation_tools/msg/tug_navigation_tools-msg.asd, /home/seif/catkin_ws/devel/share/common-lisp/ros/tug_navigation_tools/msg/tug_navigation_tools-msg.asd)
Linked: (/home/seif/catkin_ws/devel/.private/tug_navigation_tools/share/common-lisp/ros/tug_navigation_tools/msg/_package_EmergencyStop.lisp, /home/seif/catkin_ws/devel/share/common-lisp/ros/tug_navigation_tools/msg/_package_EmergencyStop.lisp)
Linked: (/home/seif/catkin_ws/devel/.private/tug_navigation_tools/share/common-lisp/ros/tug_navigation_tools/msg/_package_AccelerationStamped.lisp, /home/seif/catkin_ws/devel/share/common-lisp/ros/tug_navigation_tools/msg/_package_AccelerationStamped.lisp)
Linked: (/home/seif/catkin_ws/devel/.private/tug_navigation_tools/share/common-lisp/ros/tug_navigation_tools/msg/EmergencyStop.lisp, /home/seif/catkin_ws/devel/share/common-lisp/ros/tug_navigation_tools/msg/EmergencyStop.lisp)
Linked: (/home/seif/catkin_ws/devel/.private/tug_navigation_tools/share/common-lisp/ros/tug_navigation_tools/msg/AccelerationStamped.lisp, /home/seif/catkin_ws/devel/share/common-lisp/ros/tug_navigation_tools/msg/AccelerationStamped.lisp)
Linked: (/home/seif/catkin_ws/devel/.private/tug_navigation_tools/share/common-lisp/ros/tug_navigation_tools/msg/_package.lisp, /home/seif/catkin_ws/devel/share/common-lisp/ros/tug_navigation_tools/msg/_package.lisp)
Linked: (/home/seif/catkin_ws/devel/.private/tug_navigation_tools/share/common-lisp/ros/tug_navigation_tools/srv/_package_translational_movement.lisp, /home/seif/catkin_ws/devel/share/common-lisp/ros/tug_navigation_tools/srv/_package_translational_movement.lisp)
Linked: (/home/seif/catkin_ws/devel/.private/tug_navigation_tools/share/common-lisp/ros/tug_navigation_tools/srv/_package_trajectory.lisp, /home/seif/catkin_ws/devel/share/common-lisp/ros/tug_navigation_tools/srv/_package_trajectory.lisp)
Linked: (/home/seif/catkin_ws/devel/.private/tug_navigation_tools/share/common-lisp/ros/tug_navigation_tools/srv/_package_FinePositioning.lisp, /home/seif/catkin_ws/devel/share/common-lisp/ros/tug_navigation_tools/srv/_package_FinePositioning.lisp)
Linked: (/home/seif/catkin_ws/devel/.private/tug_navigation_tools/share/common-lisp/ros/tug_navigation_tools/srv/parking_position.lisp, /home/seif/catkin_ws/devel/share/common-lisp/ros/tug_navigation_tools/srv/parking_position.lisp)
Linked: (/home/seif/catkin_ws/devel/.private/tug_navigation_tools/share/common-lisp/ros/tug_navigation_tools/srv/calculate_rotation.lisp, /home/seif/catkin_ws/devel/share/common-lisp/ros/tug_navigation_tools/srv/calculate_rotation.lisp)
Linked: (/home/seif/catkin_ws/devel/.private/tug_navigation_tools/share/common-lisp/ros/tug_navigation_tools/srv/PrenavigationPathplanner.lisp, /home/seif/catkin_ws/devel/share/common-lisp/ros/tug_navigation_tools/srv/PrenavigationPathplanner.lisp)
Linked: (/home/seif/catkin_ws/devel/.private/tug_navigation_tools/share/common-lisp/ros/tug_navigation_tools/srv/_package_rotate_to_angle.lisp, /home/seif/catkin_ws/devel/share/common-lisp/ros/tug_navigation_tools/srv/_package_rotate_to_angle.lisp)
Linked: (/home/seif/catkin_ws/devel/.private/tug_navigation_tools/share/common-lisp/ros/tug_navigation_tools/srv/rotational_movement.lisp, /home/seif/catkin_ws/devel/share/common-lisp/ros/tug_navigation_tools/srv/rotational_movement.lisp)
Linked: (/home/seif/catkin_ws/devel/.private/tug_navigation_tools/share/common-lisp/ros/tug_navigation_tools/srv/tug_navigation_tools-srv.asd, /home/seif/catkin_ws/devel/share/common-lisp/ros/tug_navigation_tools/srv/tug_navigation_tools-srv.asd)
Linked: (/home/seif/catkin_ws/devel/.private/tug_navigation_tools/share/common-lisp/ros/tug_navigation_tools/srv/rotate_to_angle.lisp, /home/seif/catkin_ws/devel/share/common-lisp/ros/tug_navigation_tools/srv/rotate_to_angle.lisp)
Linked: (/home/seif/catkin_ws/devel/.private/tug_navigation_tools/share/common-lisp/ros/tug_navigation_tools/srv/_package_calculate_rotation.lisp, /home/seif/catkin_ws/devel/share/common-lisp/ros/tug_navigation_tools/srv/_package_calculate_rotation.lisp)
Linked: (/home/seif/catkin_ws/devel/.private/tug_navigation_tools/share/common-lisp/ros/tug_navigation_tools/srv/_package_rotational_movement.lisp, /home/seif/catkin_ws/devel/share/common-lisp/ros/tug_navigation_tools/srv/_package_rotational_movement.lisp)
Linked: (/home/seif/catkin_ws/devel/.private/tug_navigation_tools/share/common-lisp/ros/tug_navigation_tools/srv/_package_parking_position.lisp, /home/seif/catkin_ws/devel/share/common-lisp/ros/tug_navigation_tools/srv/_package_parking_position.lisp)
Linked: (/home/seif/catkin_ws/devel/.private/tug_navigation_tools/share/common-lisp/ros/tug_navigation_tools/srv/_package_PrenavigationPathplanner.lisp, /home/seif/catkin_ws/devel/share/common-lisp/ros/tug_navigation_tools/srv/_package_PrenavigationPathplanner.lisp)
Linked: (/home/seif/catkin_ws/devel/.private/tug_navigation_tools/share/common-lisp/ros/tug_navigation_tools/srv/trajectory.lisp, /home/seif/catkin_ws/devel/share/common-lisp/ros/tug_navigation_tools/srv/trajectory.lisp)
Linked: (/home/seif/catkin_ws/devel/.private/tug_navigation_tools/share/common-lisp/ros/tug_navigation_tools/srv/FinePositioning.lisp, /home/seif/catkin_ws/devel/share/common-lisp/ros/tug_navigation_tools/srv/FinePositioning.lisp)
Linked: (/home/seif/catkin_ws/devel/.private/tug_navigation_tools/share/common-lisp/ros/tug_navigation_tools/srv/translational_movement.lisp, /home/seif/catkin_ws/devel/share/common-lisp/ros/tug_navigation_tools/srv/translational_movement.lisp)
Linked: (/home/seif/catkin_ws/devel/.private/tug_navigation_tools/share/common-lisp/ros/tug_navigation_tools/srv/_package.lisp, /home/seif/catkin_ws/devel/share/common-lisp/ros/tug_navigation_tools/srv/_package.lisp)
Linked: (/home/seif/catkin_ws/devel/.private/tug_navigation_tools/include/tug_navigation_tools/trajectoryResponse.h, /home/seif/catkin_ws/devel/include/tug_navigation_tools/trajectoryResponse.h)
Linked: (/home/seif/catkin_ws/devel/.private/tug_navigation_tools/include/tug_navigation_tools/AccelerationStamped.h, /home/seif/catkin_ws/devel/include/tug_navigation_tools/AccelerationStamped.h)
Linked: (/home/seif/catkin_ws/devel/.private/tug_navigation_tools/include/tug_navigation_tools/PrenavigationPathplannerRequest.h, /home/seif/catkin_ws/devel/include/tug_navigation_tools/PrenavigationPathplannerRequest.h)
Linked: (/home/seif/catkin_ws/devel/.private/tug_navigation_tools/include/tug_navigation_tools/rotational_movement.h, /home/seif/catkin_ws/devel/include/tug_navigation_tools/rotational_movement.h)
Linked: (/home/seif/catkin_ws/devel/.private/tug_navigation_tools/include/tug_navigation_tools/FinePositioningResponse.h, /home/seif/catkin_ws/devel/include/tug_navigation_tools/FinePositioningResponse.h)
Linked: (/home/seif/catkin_ws/devel/.private/tug_navigation_tools/include/tug_navigation_tools/FinePositioning.h, /home/seif/catkin_ws/devel/include/tug_navigation_tools/FinePositioning.h)
Linked: (/home/seif/catkin_ws/devel/.private/tug_navigation_tools/include/tug_navigation_tools/rotational_movementResponse.h, /home/seif/catkin_ws/devel/include/tug_navigation_tools/rotational_movementResponse.h)
Linked: (/home/seif/catkin_ws/devel/.private/tug_navigation_tools/include/tug_navigation_tools/rotate_to_angleResponse.h, /home/seif/catkin_ws/devel/include/tug_navigation_tools/rotate_to_angleResponse.h)
Linked: (/home/seif/catkin_ws/devel/.private/tug_navigation_tools/include/tug_navigation_tools/translational_movementResponse.h, /home/seif/catkin_ws/devel/include/tug_navigation_tools/translational_movementResponse.h)
Linked: (/home/seif/catkin_ws/devel/.private/tug_navigation_tools/include/tug_navigation_tools/trajectory.h, /home/seif/catkin_ws/devel/include/tug_navigation_tools/trajectory.h)
Linked: (/home/seif/catkin_ws/devel/.private/tug_navigation_tools/include/tug_navigation_tools/calculate_rotation.h, /home/seif/catkin_ws/devel/include/tug_navigation_tools/calculate_rotation.h)
Linked: (/home/seif/catkin_ws/devel/.private/tug_navigation_tools/include/tug_navigation_tools/PrenavigationPathplanner.h, /home/seif/catkin_ws/devel/include/tug_navigation_tools/PrenavigationPathplanner.h)
Linked: (/home/seif/catkin_ws/devel/.private/tug_navigation_tools/include/tug_navigation_tools/EmergencyStop.h, /home/seif/catkin_ws/devel/include/tug_navigation_tools/EmergencyStop.h)
Linked: (/home/seif/catkin_ws/devel/.private/tug_navigation_tools/include/tug_navigation_tools/calculate_rotationResponse.h, /home/seif/catkin_ws/devel/include/tug_navigation_tools/calculate_rotationResponse.h)
Linked: (/home/seif/catkin_ws/devel/.private/tug_navigation_tools/include/tug_navigation_tools/parking_positionRequest.h, /home/seif/catkin_ws/devel/include/tug_navigation_tools/parking_positionRequest.h)
Linked: (/home/seif/catkin_ws/devel/.private/tug_navigation_tools/include/tug_navigation_tools/PrenavigationPathplannerResponse.h, /home/seif/catkin_ws/devel/include/tug_navigation_tools/PrenavigationPathplannerResponse.h)
Linked: (/home/seif/catkin_ws/devel/.private/tug_navigation_tools/include/tug_navigation_tools/FinePositioningRequest.h, /home/seif/catkin_ws/devel/include/tug_navigation_tools/FinePositioningRequest.h)
Linked: (/home/seif/catkin_ws/devel/.private/tug_navigation_tools/include/tug_navigation_tools/parking_positionResponse.h, /home/seif/catkin_ws/devel/include/tug_navigation_tools/parking_positionResponse.h)
Linked: (/home/seif/catkin_ws/devel/.private/tug_navigation_tools/include/tug_navigation_tools/trajectoryRequest.h, /home/seif/catkin_ws/devel/include/tug_navigation_tools/trajectoryRequest.h)
Linked: (/home/seif/catkin_ws/devel/.private/tug_navigation_tools/include/tug_navigation_tools/rotate_to_angleRequest.h, /home/seif/catkin_ws/devel/include/tug_navigation_tools/rotate_to_angleRequest.h)
Linked: (/home/seif/catkin_ws/devel/.private/tug_navigation_tools/include/tug_navigation_tools/parking_position.h, /home/seif/catkin_ws/devel/include/tug_navigation_tools/parking_position.h)
Linked: (/home/seif/catkin_ws/devel/.private/tug_navigation_tools/include/tug_navigation_tools/calculate_rotationRequest.h, /home/seif/catkin_ws/devel/include/tug_navigation_tools/calculate_rotationRequest.h)
Linked: (/home/seif/catkin_ws/devel/.private/tug_navigation_tools/include/tug_navigation_tools/rotate_to_angle.h, /home/seif/catkin_ws/devel/include/tug_navigation_tools/rotate_to_angle.h)
Linked: (/home/seif/catkin_ws/devel/.private/tug_navigation_tools/include/tug_navigation_tools/translational_movement.h, /home/seif/catkin_ws/devel/include/tug_navigation_tools/translational_movement.h)
Linked: (/home/seif/catkin_ws/devel/.private/tug_navigation_tools/include/tug_navigation_tools/rotational_movementRequest.h, /home/seif/catkin_ws/devel/include/tug_navigation_tools/rotational_movementRequest.h)
Linked: (/home/seif/catkin_ws/devel/.private/tug_navigation_tools/include/tug_navigation_tools/translational_movementRequest.h, /home/seif/catkin_ws/devel/include/tug_navigation_tools/translational_movementRequest.h)
