Linked: (/home/seif/catkin_ws/devel/.private/spencer_tracking_msgs/lib/python3/dist-packages/spencer_tracking_msgs/__init__.py, /home/seif/catkin_ws/devel/lib/python3/dist-packages/spencer_tracking_msgs/__init__.py)
Linked: (/home/seif/catkin_ws/devel/.private/spencer_tracking_msgs/lib/python3/dist-packages/spencer_tracking_msgs/msg/_DetectedPerson.py, /home/seif/catkin_ws/devel/lib/python3/dist-packages/spencer_tracking_msgs/msg/_DetectedPerson.py)
Linked: (/home/seif/catkin_ws/devel/.private/spencer_tracking_msgs/lib/python3/dist-packages/spencer_tracking_msgs/msg/_CompositeDetectedPerson.py, /home/seif/catkin_ws/devel/lib/python3/dist-packages/spencer_tracking_msgs/msg/_CompositeDetectedPerson.py)
Linked: (/home/seif/catkin_ws/devel/.private/spencer_tracking_msgs/lib/python3/dist-packages/spencer_tracking_msgs/msg/_CompositeDetectedPersons.py, /home/seif/catkin_ws/devel/lib/python3/dist-packages/spencer_tracking_msgs/msg/_CompositeDetectedPersons.py)
Linked: (/home/seif/catkin_ws/devel/.private/spencer_tracking_msgs/lib/python3/dist-packages/spencer_tracking_msgs/msg/_TrackedGroup.py, /home/seif/catkin_ws/devel/lib/python3/dist-packages/spencer_tracking_msgs/msg/_TrackedGroup.py)
Linked: (/home/seif/catkin_ws/devel/.private/spencer_tracking_msgs/lib/python3/dist-packages/spencer_tracking_msgs/msg/_TrackedPerson2d.py, /home/seif/catkin_ws/devel/lib/python3/dist-packages/spencer_tracking_msgs/msg/_TrackedPerson2d.py)
Linked: (/home/seif/catkin_ws/devel/.private/spencer_tracking_msgs/lib/python3/dist-packages/spencer_tracking_msgs/msg/_TrackedPersons.py, /home/seif/catkin_ws/devel/lib/python3/dist-packages/spencer_tracking_msgs/msg/_TrackedPersons.py)
Linked: (/home/seif/catkin_ws/devel/.private/spencer_tracking_msgs/lib/python3/dist-packages/spencer_tracking_msgs/msg/_TrackedPerson.py, /home/seif/catkin_ws/devel/lib/python3/dist-packages/spencer_tracking_msgs/msg/_TrackedPerson.py)
Linked: (/home/seif/catkin_ws/devel/.private/spencer_tracking_msgs/lib/python3/dist-packages/spencer_tracking_msgs/msg/_ImmDebugInfo.py, /home/seif/catkin_ws/devel/lib/python3/dist-packages/spencer_tracking_msgs/msg/_ImmDebugInfo.py)
Linked: (/home/seif/catkin_ws/devel/.private/spencer_tracking_msgs/lib/python3/dist-packages/spencer_tracking_msgs/msg/_ImmDebugInfos.py, /home/seif/catkin_ws/devel/lib/python3/dist-packages/spencer_tracking_msgs/msg/_ImmDebugInfos.py)
Linked: (/home/seif/catkin_ws/devel/.private/spencer_tracking_msgs/lib/python3/dist-packages/spencer_tracking_msgs/msg/_TrackedGroups.py, /home/seif/catkin_ws/devel/lib/python3/dist-packages/spencer_tracking_msgs/msg/_TrackedGroups.py)
Linked: (/home/seif/catkin_ws/devel/.private/spencer_tracking_msgs/lib/python3/dist-packages/spencer_tracking_msgs/msg/__init__.py, /home/seif/catkin_ws/devel/lib/python3/dist-packages/spencer_tracking_msgs/msg/__init__.py)
Linked: (/home/seif/catkin_ws/devel/.private/spencer_tracking_msgs/lib/python3/dist-packages/spencer_tracking_msgs/msg/_TrackingTimingMetrics.py, /home/seif/catkin_ws/devel/lib/python3/dist-packages/spencer_tracking_msgs/msg/_TrackingTimingMetrics.py)
Linked: (/home/seif/catkin_ws/devel/.private/spencer_tracking_msgs/lib/python3/dist-packages/spencer_tracking_msgs/msg/_TrackedPersons2d.py, /home/seif/catkin_ws/devel/lib/python3/dist-packages/spencer_tracking_msgs/msg/_TrackedPersons2d.py)
Linked: (/home/seif/catkin_ws/devel/.private/spencer_tracking_msgs/lib/python3/dist-packages/spencer_tracking_msgs/msg/_DetectedPersons.py, /home/seif/catkin_ws/devel/lib/python3/dist-packages/spencer_tracking_msgs/msg/_DetectedPersons.py)
Linked: (/home/seif/catkin_ws/devel/.private/spencer_tracking_msgs/lib/python3/dist-packages/spencer_tracking_msgs/srv/__init__.py, /home/seif/catkin_ws/devel/lib/python3/dist-packages/spencer_tracking_msgs/srv/__init__.py)
Linked: (/home/seif/catkin_ws/devel/.private/spencer_tracking_msgs/lib/python3/dist-packages/spencer_tracking_msgs/srv/_GetPersonTrajectories.py, /home/seif/catkin_ws/devel/lib/python3/dist-packages/spencer_tracking_msgs/srv/_GetPersonTrajectories.py)
Linked: (/home/seif/catkin_ws/devel/.private/spencer_tracking_msgs/lib/pkgconfig/spencer_tracking_msgs.pc, /home/seif/catkin_ws/devel/lib/pkgconfig/spencer_tracking_msgs.pc)
Linked: (/home/seif/catkin_ws/devel/.private/spencer_tracking_msgs/share/gennodejs/ros/spencer_tracking_msgs/_index.js, /home/seif/catkin_ws/devel/share/gennodejs/ros/spencer_tracking_msgs/_index.js)
Linked: (/home/seif/catkin_ws/devel/.private/spencer_tracking_msgs/share/gennodejs/ros/spencer_tracking_msgs/msg/CompositeDetectedPerson.js, /home/seif/catkin_ws/devel/share/gennodejs/ros/spencer_tracking_msgs/msg/CompositeDetectedPerson.js)
Linked: (/home/seif/catkin_ws/devel/.private/spencer_tracking_msgs/share/gennodejs/ros/spencer_tracking_msgs/msg/TrackedGroups.js, /home/seif/catkin_ws/devel/share/gennodejs/ros/spencer_tracking_msgs/msg/TrackedGroups.js)
Linked: (/home/seif/catkin_ws/devel/.private/spencer_tracking_msgs/share/gennodejs/ros/spencer_tracking_msgs/msg/DetectedPerson.js, /home/seif/catkin_ws/devel/share/gennodejs/ros/spencer_tracking_msgs/msg/DetectedPerson.js)
Linked: (/home/seif/catkin_ws/devel/.private/spencer_tracking_msgs/share/gennodejs/ros/spencer_tracking_msgs/msg/TrackingTimingMetrics.js, /home/seif/catkin_ws/devel/share/gennodejs/ros/spencer_tracking_msgs/msg/TrackingTimingMetrics.js)
Linked: (/home/seif/catkin_ws/devel/.private/spencer_tracking_msgs/share/gennodejs/ros/spencer_tracking_msgs/msg/TrackedPerson.js, /home/seif/catkin_ws/devel/share/gennodejs/ros/spencer_tracking_msgs/msg/TrackedPerson.js)
Linked: (/home/seif/catkin_ws/devel/.private/spencer_tracking_msgs/share/gennodejs/ros/spencer_tracking_msgs/msg/TrackedPersons2d.js, /home/seif/catkin_ws/devel/share/gennodejs/ros/spencer_tracking_msgs/msg/TrackedPersons2d.js)
Linked: (/home/seif/catkin_ws/devel/.private/spencer_tracking_msgs/share/gennodejs/ros/spencer_tracking_msgs/msg/TrackedGroup.js, /home/seif/catkin_ws/devel/share/gennodejs/ros/spencer_tracking_msgs/msg/TrackedGroup.js)
Linked: (/home/seif/catkin_ws/devel/.private/spencer_tracking_msgs/share/gennodejs/ros/spencer_tracking_msgs/msg/DetectedPersons.js, /home/seif/catkin_ws/devel/share/gennodejs/ros/spencer_tracking_msgs/msg/DetectedPersons.js)
Linked: (/home/seif/catkin_ws/devel/.private/spencer_tracking_msgs/share/gennodejs/ros/spencer_tracking_msgs/msg/ImmDebugInfos.js, /home/seif/catkin_ws/devel/share/gennodejs/ros/spencer_tracking_msgs/msg/ImmDebugInfos.js)
Linked: (/home/seif/catkin_ws/devel/.private/spencer_tracking_msgs/share/gennodejs/ros/spencer_tracking_msgs/msg/CompositeDetectedPersons.js, /home/seif/catkin_ws/devel/share/gennodejs/ros/spencer_tracking_msgs/msg/CompositeDetectedPersons.js)
Linked: (/home/seif/catkin_ws/devel/.private/spencer_tracking_msgs/share/gennodejs/ros/spencer_tracking_msgs/msg/_index.js, /home/seif/catkin_ws/devel/share/gennodejs/ros/spencer_tracking_msgs/msg/_index.js)
Linked: (/home/seif/catkin_ws/devel/.private/spencer_tracking_msgs/share/gennodejs/ros/spencer_tracking_msgs/msg/TrackedPersons.js, /home/seif/catkin_ws/devel/share/gennodejs/ros/spencer_tracking_msgs/msg/TrackedPersons.js)
Linked: (/home/seif/catkin_ws/devel/.private/spencer_tracking_msgs/share/gennodejs/ros/spencer_tracking_msgs/msg/ImmDebugInfo.js, /home/seif/catkin_ws/devel/share/gennodejs/ros/spencer_tracking_msgs/msg/ImmDebugInfo.js)
Linked: (/home/seif/catkin_ws/devel/.private/spencer_tracking_msgs/share/gennodejs/ros/spencer_tracking_msgs/msg/TrackedPerson2d.js, /home/seif/catkin_ws/devel/share/gennodejs/ros/spencer_tracking_msgs/msg/TrackedPerson2d.js)
Linked: (/home/seif/catkin_ws/devel/.private/spencer_tracking_msgs/share/gennodejs/ros/spencer_tracking_msgs/srv/GetPersonTrajectories.js, /home/seif/catkin_ws/devel/share/gennodejs/ros/spencer_tracking_msgs/srv/GetPersonTrajectories.js)
Linked: (/home/seif/catkin_ws/devel/.private/spencer_tracking_msgs/share/gennodejs/ros/spencer_tracking_msgs/srv/_index.js, /home/seif/catkin_ws/devel/share/gennodejs/ros/spencer_tracking_msgs/srv/_index.js)
Linked: (/home/seif/catkin_ws/devel/.private/spencer_tracking_msgs/share/roseus/ros/spencer_tracking_msgs/manifest.l, /home/seif/catkin_ws/devel/share/roseus/ros/spencer_tracking_msgs/manifest.l)
Linked: (/home/seif/catkin_ws/devel/.private/spencer_tracking_msgs/share/roseus/ros/spencer_tracking_msgs/msg/DetectedPersons.l, /home/seif/catkin_ws/devel/share/roseus/ros/spencer_tracking_msgs/msg/DetectedPersons.l)
Linked: (/home/seif/catkin_ws/devel/.private/spencer_tracking_msgs/share/roseus/ros/spencer_tracking_msgs/msg/TrackedPersons.l, /home/seif/catkin_ws/devel/share/roseus/ros/spencer_tracking_msgs/msg/TrackedPersons.l)
Linked: (/home/seif/catkin_ws/devel/.private/spencer_tracking_msgs/share/roseus/ros/spencer_tracking_msgs/msg/TrackedPerson2d.l, /home/seif/catkin_ws/devel/share/roseus/ros/spencer_tracking_msgs/msg/TrackedPerson2d.l)
Linked: (/home/seif/catkin_ws/devel/.private/spencer_tracking_msgs/share/roseus/ros/spencer_tracking_msgs/msg/ImmDebugInfos.l, /home/seif/catkin_ws/devel/share/roseus/ros/spencer_tracking_msgs/msg/ImmDebugInfos.l)
Linked: (/home/seif/catkin_ws/devel/.private/spencer_tracking_msgs/share/roseus/ros/spencer_tracking_msgs/msg/CompositeDetectedPersons.l, /home/seif/catkin_ws/devel/share/roseus/ros/spencer_tracking_msgs/msg/CompositeDetectedPersons.l)
Linked: (/home/seif/catkin_ws/devel/.private/spencer_tracking_msgs/share/roseus/ros/spencer_tracking_msgs/msg/TrackingTimingMetrics.l, /home/seif/catkin_ws/devel/share/roseus/ros/spencer_tracking_msgs/msg/TrackingTimingMetrics.l)
Linked: (/home/seif/catkin_ws/devel/.private/spencer_tracking_msgs/share/roseus/ros/spencer_tracking_msgs/msg/TrackedPerson.l, /home/seif/catkin_ws/devel/share/roseus/ros/spencer_tracking_msgs/msg/TrackedPerson.l)
Linked: (/home/seif/catkin_ws/devel/.private/spencer_tracking_msgs/share/roseus/ros/spencer_tracking_msgs/msg/CompositeDetectedPerson.l, /home/seif/catkin_ws/devel/share/roseus/ros/spencer_tracking_msgs/msg/CompositeDetectedPerson.l)
Linked: (/home/seif/catkin_ws/devel/.private/spencer_tracking_msgs/share/roseus/ros/spencer_tracking_msgs/msg/TrackedGroup.l, /home/seif/catkin_ws/devel/share/roseus/ros/spencer_tracking_msgs/msg/TrackedGroup.l)
Linked: (/home/seif/catkin_ws/devel/.private/spencer_tracking_msgs/share/roseus/ros/spencer_tracking_msgs/msg/TrackedPersons2d.l, /home/seif/catkin_ws/devel/share/roseus/ros/spencer_tracking_msgs/msg/TrackedPersons2d.l)
Linked: (/home/seif/catkin_ws/devel/.private/spencer_tracking_msgs/share/roseus/ros/spencer_tracking_msgs/msg/TrackedGroups.l, /home/seif/catkin_ws/devel/share/roseus/ros/spencer_tracking_msgs/msg/TrackedGroups.l)
Linked: (/home/seif/catkin_ws/devel/.private/spencer_tracking_msgs/share/roseus/ros/spencer_tracking_msgs/msg/DetectedPerson.l, /home/seif/catkin_ws/devel/share/roseus/ros/spencer_tracking_msgs/msg/DetectedPerson.l)
Linked: (/home/seif/catkin_ws/devel/.private/spencer_tracking_msgs/share/roseus/ros/spencer_tracking_msgs/msg/ImmDebugInfo.l, /home/seif/catkin_ws/devel/share/roseus/ros/spencer_tracking_msgs/msg/ImmDebugInfo.l)
Linked: (/home/seif/catkin_ws/devel/.private/spencer_tracking_msgs/share/roseus/ros/spencer_tracking_msgs/srv/GetPersonTrajectories.l, /home/seif/catkin_ws/devel/share/roseus/ros/spencer_tracking_msgs/srv/GetPersonTrajectories.l)
Linked: (/home/seif/catkin_ws/devel/.private/spencer_tracking_msgs/share/common-lisp/ros/spencer_tracking_msgs/msg/TrackingTimingMetrics.lisp, /home/seif/catkin_ws/devel/share/common-lisp/ros/spencer_tracking_msgs/msg/TrackingTimingMetrics.lisp)
Linked: (/home/seif/catkin_ws/devel/.private/spencer_tracking_msgs/share/common-lisp/ros/spencer_tracking_msgs/msg/spencer_tracking_msgs-msg.asd, /home/seif/catkin_ws/devel/share/common-lisp/ros/spencer_tracking_msgs/msg/spencer_tracking_msgs-msg.asd)
Linked: (/home/seif/catkin_ws/devel/.private/spencer_tracking_msgs/share/common-lisp/ros/spencer_tracking_msgs/msg/DetectedPersons.lisp, /home/seif/catkin_ws/devel/share/common-lisp/ros/spencer_tracking_msgs/msg/DetectedPersons.lisp)
Linked: (/home/seif/catkin_ws/devel/.private/spencer_tracking_msgs/share/common-lisp/ros/spencer_tracking_msgs/msg/_package_TrackedPersons.lisp, /home/seif/catkin_ws/devel/share/common-lisp/ros/spencer_tracking_msgs/msg/_package_TrackedPersons.lisp)
Linked: (/home/seif/catkin_ws/devel/.private/spencer_tracking_msgs/share/common-lisp/ros/spencer_tracking_msgs/msg/_package_CompositeDetectedPerson.lisp, /home/seif/catkin_ws/devel/share/common-lisp/ros/spencer_tracking_msgs/msg/_package_CompositeDetectedPerson.lisp)
Linked: (/home/seif/catkin_ws/devel/.private/spencer_tracking_msgs/share/common-lisp/ros/spencer_tracking_msgs/msg/_package_TrackedPerson2d.lisp, /home/seif/catkin_ws/devel/share/common-lisp/ros/spencer_tracking_msgs/msg/_package_TrackedPerson2d.lisp)
Linked: (/home/seif/catkin_ws/devel/.private/spencer_tracking_msgs/share/common-lisp/ros/spencer_tracking_msgs/msg/_package_TrackedGroup.lisp, /home/seif/catkin_ws/devel/share/common-lisp/ros/spencer_tracking_msgs/msg/_package_TrackedGroup.lisp)
Linked: (/home/seif/catkin_ws/devel/.private/spencer_tracking_msgs/share/common-lisp/ros/spencer_tracking_msgs/msg/_package_TrackedPerson.lisp, /home/seif/catkin_ws/devel/share/common-lisp/ros/spencer_tracking_msgs/msg/_package_TrackedPerson.lisp)
Linked: (/home/seif/catkin_ws/devel/.private/spencer_tracking_msgs/share/common-lisp/ros/spencer_tracking_msgs/msg/_package_DetectedPerson.lisp, /home/seif/catkin_ws/devel/share/common-lisp/ros/spencer_tracking_msgs/msg/_package_DetectedPerson.lisp)
Linked: (/home/seif/catkin_ws/devel/.private/spencer_tracking_msgs/share/common-lisp/ros/spencer_tracking_msgs/msg/DetectedPerson.lisp, /home/seif/catkin_ws/devel/share/common-lisp/ros/spencer_tracking_msgs/msg/DetectedPerson.lisp)
Linked: (/home/seif/catkin_ws/devel/.private/spencer_tracking_msgs/share/common-lisp/ros/spencer_tracking_msgs/msg/_package_CompositeDetectedPersons.lisp, /home/seif/catkin_ws/devel/share/common-lisp/ros/spencer_tracking_msgs/msg/_package_CompositeDetectedPersons.lisp)
Linked: (/home/seif/catkin_ws/devel/.private/spencer_tracking_msgs/share/common-lisp/ros/spencer_tracking_msgs/msg/TrackedGroups.lisp, /home/seif/catkin_ws/devel/share/common-lisp/ros/spencer_tracking_msgs/msg/TrackedGroups.lisp)
Linked: (/home/seif/catkin_ws/devel/.private/spencer_tracking_msgs/share/common-lisp/ros/spencer_tracking_msgs/msg/_package_TrackingTimingMetrics.lisp, /home/seif/catkin_ws/devel/share/common-lisp/ros/spencer_tracking_msgs/msg/_package_TrackingTimingMetrics.lisp)
Linked: (/home/seif/catkin_ws/devel/.private/spencer_tracking_msgs/share/common-lisp/ros/spencer_tracking_msgs/msg/CompositeDetectedPersons.lisp, /home/seif/catkin_ws/devel/share/common-lisp/ros/spencer_tracking_msgs/msg/CompositeDetectedPersons.lisp)
Linked: (/home/seif/catkin_ws/devel/.private/spencer_tracking_msgs/share/common-lisp/ros/spencer_tracking_msgs/msg/TrackedPerson2d.lisp, /home/seif/catkin_ws/devel/share/common-lisp/ros/spencer_tracking_msgs/msg/TrackedPerson2d.lisp)
Linked: (/home/seif/catkin_ws/devel/.private/spencer_tracking_msgs/share/common-lisp/ros/spencer_tracking_msgs/msg/TrackedPersons2d.lisp, /home/seif/catkin_ws/devel/share/common-lisp/ros/spencer_tracking_msgs/msg/TrackedPersons2d.lisp)
Linked: (/home/seif/catkin_ws/devel/.private/spencer_tracking_msgs/share/common-lisp/ros/spencer_tracking_msgs/msg/_package_TrackedGroups.lisp, /home/seif/catkin_ws/devel/share/common-lisp/ros/spencer_tracking_msgs/msg/_package_TrackedGroups.lisp)
Linked: (/home/seif/catkin_ws/devel/.private/spencer_tracking_msgs/share/common-lisp/ros/spencer_tracking_msgs/msg/_package_ImmDebugInfo.lisp, /home/seif/catkin_ws/devel/share/common-lisp/ros/spencer_tracking_msgs/msg/_package_ImmDebugInfo.lisp)
Linked: (/home/seif/catkin_ws/devel/.private/spencer_tracking_msgs/share/common-lisp/ros/spencer_tracking_msgs/msg/CompositeDetectedPerson.lisp, /home/seif/catkin_ws/devel/share/common-lisp/ros/spencer_tracking_msgs/msg/CompositeDetectedPerson.lisp)
Linked: (/home/seif/catkin_ws/devel/.private/spencer_tracking_msgs/share/common-lisp/ros/spencer_tracking_msgs/msg/TrackedPersons.lisp, /home/seif/catkin_ws/devel/share/common-lisp/ros/spencer_tracking_msgs/msg/TrackedPersons.lisp)
Linked: (/home/seif/catkin_ws/devel/.private/spencer_tracking_msgs/share/common-lisp/ros/spencer_tracking_msgs/msg/TrackedPerson.lisp, /home/seif/catkin_ws/devel/share/common-lisp/ros/spencer_tracking_msgs/msg/TrackedPerson.lisp)
Linked: (/home/seif/catkin_ws/devel/.private/spencer_tracking_msgs/share/common-lisp/ros/spencer_tracking_msgs/msg/_package_TrackedPersons2d.lisp, /home/seif/catkin_ws/devel/share/common-lisp/ros/spencer_tracking_msgs/msg/_package_TrackedPersons2d.lisp)
Linked: (/home/seif/catkin_ws/devel/.private/spencer_tracking_msgs/share/common-lisp/ros/spencer_tracking_msgs/msg/ImmDebugInfo.lisp, /home/seif/catkin_ws/devel/share/common-lisp/ros/spencer_tracking_msgs/msg/ImmDebugInfo.lisp)
Linked: (/home/seif/catkin_ws/devel/.private/spencer_tracking_msgs/share/common-lisp/ros/spencer_tracking_msgs/msg/_package_ImmDebugInfos.lisp, /home/seif/catkin_ws/devel/share/common-lisp/ros/spencer_tracking_msgs/msg/_package_ImmDebugInfos.lisp)
Linked: (/home/seif/catkin_ws/devel/.private/spencer_tracking_msgs/share/common-lisp/ros/spencer_tracking_msgs/msg/_package_DetectedPersons.lisp, /home/seif/catkin_ws/devel/share/common-lisp/ros/spencer_tracking_msgs/msg/_package_DetectedPersons.lisp)
Linked: (/home/seif/catkin_ws/devel/.private/spencer_tracking_msgs/share/common-lisp/ros/spencer_tracking_msgs/msg/TrackedGroup.lisp, /home/seif/catkin_ws/devel/share/common-lisp/ros/spencer_tracking_msgs/msg/TrackedGroup.lisp)
Linked: (/home/seif/catkin_ws/devel/.private/spencer_tracking_msgs/share/common-lisp/ros/spencer_tracking_msgs/msg/_package.lisp, /home/seif/catkin_ws/devel/share/common-lisp/ros/spencer_tracking_msgs/msg/_package.lisp)
Linked: (/home/seif/catkin_ws/devel/.private/spencer_tracking_msgs/share/common-lisp/ros/spencer_tracking_msgs/msg/ImmDebugInfos.lisp, /home/seif/catkin_ws/devel/share/common-lisp/ros/spencer_tracking_msgs/msg/ImmDebugInfos.lisp)
Linked: (/home/seif/catkin_ws/devel/.private/spencer_tracking_msgs/share/common-lisp/ros/spencer_tracking_msgs/srv/_package_GetPersonTrajectories.lisp, /home/seif/catkin_ws/devel/share/common-lisp/ros/spencer_tracking_msgs/srv/_package_GetPersonTrajectories.lisp)
Linked: (/home/seif/catkin_ws/devel/.private/spencer_tracking_msgs/share/common-lisp/ros/spencer_tracking_msgs/srv/GetPersonTrajectories.lisp, /home/seif/catkin_ws/devel/share/common-lisp/ros/spencer_tracking_msgs/srv/GetPersonTrajectories.lisp)
Linked: (/home/seif/catkin_ws/devel/.private/spencer_tracking_msgs/share/common-lisp/ros/spencer_tracking_msgs/srv/spencer_tracking_msgs-srv.asd, /home/seif/catkin_ws/devel/share/common-lisp/ros/spencer_tracking_msgs/srv/spencer_tracking_msgs-srv.asd)
Linked: (/home/seif/catkin_ws/devel/.private/spencer_tracking_msgs/share/common-lisp/ros/spencer_tracking_msgs/srv/_package.lisp, /home/seif/catkin_ws/devel/share/common-lisp/ros/spencer_tracking_msgs/srv/_package.lisp)
Linked: (/home/seif/catkin_ws/devel/.private/spencer_tracking_msgs/share/spencer_tracking_msgs/cmake/spencer_tracking_msgs-msg-paths.cmake, /home/seif/catkin_ws/devel/share/spencer_tracking_msgs/cmake/spencer_tracking_msgs-msg-paths.cmake)
Linked: (/home/seif/catkin_ws/devel/.private/spencer_tracking_msgs/share/spencer_tracking_msgs/cmake/spencer_tracking_msgsConfig-version.cmake, /home/seif/catkin_ws/devel/share/spencer_tracking_msgs/cmake/spencer_tracking_msgsConfig-version.cmake)
Linked: (/home/seif/catkin_ws/devel/.private/spencer_tracking_msgs/share/spencer_tracking_msgs/cmake/spencer_tracking_msgsConfig.cmake, /home/seif/catkin_ws/devel/share/spencer_tracking_msgs/cmake/spencer_tracking_msgsConfig.cmake)
Linked: (/home/seif/catkin_ws/devel/.private/spencer_tracking_msgs/share/spencer_tracking_msgs/cmake/spencer_tracking_msgs-msg-extras.cmake, /home/seif/catkin_ws/devel/share/spencer_tracking_msgs/cmake/spencer_tracking_msgs-msg-extras.cmake)
Linked: (/home/seif/catkin_ws/devel/.private/spencer_tracking_msgs/include/spencer_tracking_msgs/TrackedGroup.h, /home/seif/catkin_ws/devel/include/spencer_tracking_msgs/TrackedGroup.h)
Linked: (/home/seif/catkin_ws/devel/.private/spencer_tracking_msgs/include/spencer_tracking_msgs/GetPersonTrajectories.h, /home/seif/catkin_ws/devel/include/spencer_tracking_msgs/GetPersonTrajectories.h)
Linked: (/home/seif/catkin_ws/devel/.private/spencer_tracking_msgs/include/spencer_tracking_msgs/DetectedPerson.h, /home/seif/catkin_ws/devel/include/spencer_tracking_msgs/DetectedPerson.h)
Linked: (/home/seif/catkin_ws/devel/.private/spencer_tracking_msgs/include/spencer_tracking_msgs/TrackedPerson2d.h, /home/seif/catkin_ws/devel/include/spencer_tracking_msgs/TrackedPerson2d.h)
Linked: (/home/seif/catkin_ws/devel/.private/spencer_tracking_msgs/include/spencer_tracking_msgs/TrackingTimingMetrics.h, /home/seif/catkin_ws/devel/include/spencer_tracking_msgs/TrackingTimingMetrics.h)
Linked: (/home/seif/catkin_ws/devel/.private/spencer_tracking_msgs/include/spencer_tracking_msgs/TrackedPerson.h, /home/seif/catkin_ws/devel/include/spencer_tracking_msgs/TrackedPerson.h)
Linked: (/home/seif/catkin_ws/devel/.private/spencer_tracking_msgs/include/spencer_tracking_msgs/DetectedPersons.h, /home/seif/catkin_ws/devel/include/spencer_tracking_msgs/DetectedPersons.h)
Linked: (/home/seif/catkin_ws/devel/.private/spencer_tracking_msgs/include/spencer_tracking_msgs/ImmDebugInfo.h, /home/seif/catkin_ws/devel/include/spencer_tracking_msgs/ImmDebugInfo.h)
Linked: (/home/seif/catkin_ws/devel/.private/spencer_tracking_msgs/include/spencer_tracking_msgs/GetPersonTrajectoriesResponse.h, /home/seif/catkin_ws/devel/include/spencer_tracking_msgs/GetPersonTrajectoriesResponse.h)
Linked: (/home/seif/catkin_ws/devel/.private/spencer_tracking_msgs/include/spencer_tracking_msgs/TrackedPersons2d.h, /home/seif/catkin_ws/devel/include/spencer_tracking_msgs/TrackedPersons2d.h)
Linked: (/home/seif/catkin_ws/devel/.private/spencer_tracking_msgs/include/spencer_tracking_msgs/CompositeDetectedPerson.h, /home/seif/catkin_ws/devel/include/spencer_tracking_msgs/CompositeDetectedPerson.h)
Linked: (/home/seif/catkin_ws/devel/.private/spencer_tracking_msgs/include/spencer_tracking_msgs/CompositeDetectedPersons.h, /home/seif/catkin_ws/devel/include/spencer_tracking_msgs/CompositeDetectedPersons.h)
Linked: (/home/seif/catkin_ws/devel/.private/spencer_tracking_msgs/include/spencer_tracking_msgs/ImmDebugInfos.h, /home/seif/catkin_ws/devel/include/spencer_tracking_msgs/ImmDebugInfos.h)
Linked: (/home/seif/catkin_ws/devel/.private/spencer_tracking_msgs/include/spencer_tracking_msgs/TrackedPersons.h, /home/seif/catkin_ws/devel/include/spencer_tracking_msgs/TrackedPersons.h)
Linked: (/home/seif/catkin_ws/devel/.private/spencer_tracking_msgs/include/spencer_tracking_msgs/GetPersonTrajectoriesRequest.h, /home/seif/catkin_ws/devel/include/spencer_tracking_msgs/GetPersonTrajectoriesRequest.h)
Linked: (/home/seif/catkin_ws/devel/.private/spencer_tracking_msgs/include/spencer_tracking_msgs/TrackedGroups.h, /home/seif/catkin_ws/devel/include/spencer_tracking_msgs/TrackedGroups.h)
