Linked: (/home/seif/catkin_ws/devel/.private/rwth_perception_people_msgs/lib/python3/dist-packages/rwth_perception_people_msgs/__init__.py, /home/seif/catkin_ws/devel/lib/python3/dist-packages/rwth_perception_people_msgs/__init__.py)
Linked: (/home/seif/catkin_ws/devel/.private/rwth_perception_people_msgs/lib/python3/dist-packages/rwth_perception_people_msgs/msg/_GroundPlane.py, /home/seif/catkin_ws/devel/lib/python3/dist-packages/rwth_perception_people_msgs/msg/_GroundPlane.py)
Linked: (/home/seif/catkin_ws/devel/.private/rwth_perception_people_msgs/lib/python3/dist-packages/rwth_perception_people_msgs/msg/_UpperBodyDetector.py, /home/seif/catkin_ws/devel/lib/python3/dist-packages/rwth_perception_people_msgs/msg/_UpperBodyDetector.py)
Linked: (/home/seif/catkin_ws/devel/.private/rwth_perception_people_msgs/lib/python3/dist-packages/rwth_perception_people_msgs/msg/_GroundHOGDetections.py, /home/seif/catkin_ws/devel/lib/python3/dist-packages/rwth_perception_people_msgs/msg/_GroundHOGDetections.py)
Linked: (/home/seif/catkin_ws/devel/.private/rwth_perception_people_msgs/lib/python3/dist-packages/rwth_perception_people_msgs/msg/_PedestrianTrackingArray.py, /home/seif/catkin_ws/devel/lib/python3/dist-packages/rwth_perception_people_msgs/msg/_PedestrianTrackingArray.py)
Linked: (/home/seif/catkin_ws/devel/.private/rwth_perception_people_msgs/lib/python3/dist-packages/rwth_perception_people_msgs/msg/_PedestrianLocations.py, /home/seif/catkin_ws/devel/lib/python3/dist-packages/rwth_perception_people_msgs/msg/_PedestrianLocations.py)
Linked: (/home/seif/catkin_ws/devel/.private/rwth_perception_people_msgs/lib/python3/dist-packages/rwth_perception_people_msgs/msg/_PedestrianTracking.py, /home/seif/catkin_ws/devel/lib/python3/dist-packages/rwth_perception_people_msgs/msg/_PedestrianTracking.py)
Linked: (/home/seif/catkin_ws/devel/.private/rwth_perception_people_msgs/lib/python3/dist-packages/rwth_perception_people_msgs/msg/__init__.py, /home/seif/catkin_ws/devel/lib/python3/dist-packages/rwth_perception_people_msgs/msg/__init__.py)
Linked: (/home/seif/catkin_ws/devel/.private/rwth_perception_people_msgs/lib/python3/dist-packages/rwth_perception_people_msgs/msg/_VisualOdometry.py, /home/seif/catkin_ws/devel/lib/python3/dist-packages/rwth_perception_people_msgs/msg/_VisualOdometry.py)
Linked: (/home/seif/catkin_ws/devel/.private/rwth_perception_people_msgs/lib/python3/dist-packages/rwth_perception_people_msgs/msg/_Annotation.py, /home/seif/catkin_ws/devel/lib/python3/dist-packages/rwth_perception_people_msgs/msg/_Annotation.py)
Linked: (/home/seif/catkin_ws/devel/.private/rwth_perception_people_msgs/lib/python3/dist-packages/rwth_perception_people_msgs/msg/_AnnotatedFrame.py, /home/seif/catkin_ws/devel/lib/python3/dist-packages/rwth_perception_people_msgs/msg/_AnnotatedFrame.py)
Linked: (/home/seif/catkin_ws/devel/.private/rwth_perception_people_msgs/lib/pkgconfig/rwth_perception_people_msgs.pc, /home/seif/catkin_ws/devel/lib/pkgconfig/rwth_perception_people_msgs.pc)
Linked: (/home/seif/catkin_ws/devel/.private/rwth_perception_people_msgs/share/rwth_perception_people_msgs/cmake/rwth_perception_people_msgsConfig.cmake, /home/seif/catkin_ws/devel/share/rwth_perception_people_msgs/cmake/rwth_perception_people_msgsConfig.cmake)
Linked: (/home/seif/catkin_ws/devel/.private/rwth_perception_people_msgs/share/rwth_perception_people_msgs/cmake/rwth_perception_people_msgs-msg-paths.cmake, /home/seif/catkin_ws/devel/share/rwth_perception_people_msgs/cmake/rwth_perception_people_msgs-msg-paths.cmake)
Linked: (/home/seif/catkin_ws/devel/.private/rwth_perception_people_msgs/share/rwth_perception_people_msgs/cmake/rwth_perception_people_msgsConfig-version.cmake, /home/seif/catkin_ws/devel/share/rwth_perception_people_msgs/cmake/rwth_perception_people_msgsConfig-version.cmake)
Linked: (/home/seif/catkin_ws/devel/.private/rwth_perception_people_msgs/share/rwth_perception_people_msgs/cmake/rwth_perception_people_msgs-msg-extras.cmake, /home/seif/catkin_ws/devel/share/rwth_perception_people_msgs/cmake/rwth_perception_people_msgs-msg-extras.cmake)
Linked: (/home/seif/catkin_ws/devel/.private/rwth_perception_people_msgs/share/gennodejs/ros/rwth_perception_people_msgs/_index.js, /home/seif/catkin_ws/devel/share/gennodejs/ros/rwth_perception_people_msgs/_index.js)
Linked: (/home/seif/catkin_ws/devel/.private/rwth_perception_people_msgs/share/gennodejs/ros/rwth_perception_people_msgs/msg/VisualOdometry.js, /home/seif/catkin_ws/devel/share/gennodejs/ros/rwth_perception_people_msgs/msg/VisualOdometry.js)
Linked: (/home/seif/catkin_ws/devel/.private/rwth_perception_people_msgs/share/gennodejs/ros/rwth_perception_people_msgs/msg/Annotation.js, /home/seif/catkin_ws/devel/share/gennodejs/ros/rwth_perception_people_msgs/msg/Annotation.js)
Linked: (/home/seif/catkin_ws/devel/.private/rwth_perception_people_msgs/share/gennodejs/ros/rwth_perception_people_msgs/msg/GroundHOGDetections.js, /home/seif/catkin_ws/devel/share/gennodejs/ros/rwth_perception_people_msgs/msg/GroundHOGDetections.js)
Linked: (/home/seif/catkin_ws/devel/.private/rwth_perception_people_msgs/share/gennodejs/ros/rwth_perception_people_msgs/msg/GroundPlane.js, /home/seif/catkin_ws/devel/share/gennodejs/ros/rwth_perception_people_msgs/msg/GroundPlane.js)
Linked: (/home/seif/catkin_ws/devel/.private/rwth_perception_people_msgs/share/gennodejs/ros/rwth_perception_people_msgs/msg/PedestrianTracking.js, /home/seif/catkin_ws/devel/share/gennodejs/ros/rwth_perception_people_msgs/msg/PedestrianTracking.js)
Linked: (/home/seif/catkin_ws/devel/.private/rwth_perception_people_msgs/share/gennodejs/ros/rwth_perception_people_msgs/msg/UpperBodyDetector.js, /home/seif/catkin_ws/devel/share/gennodejs/ros/rwth_perception_people_msgs/msg/UpperBodyDetector.js)
Linked: (/home/seif/catkin_ws/devel/.private/rwth_perception_people_msgs/share/gennodejs/ros/rwth_perception_people_msgs/msg/AnnotatedFrame.js, /home/seif/catkin_ws/devel/share/gennodejs/ros/rwth_perception_people_msgs/msg/AnnotatedFrame.js)
Linked: (/home/seif/catkin_ws/devel/.private/rwth_perception_people_msgs/share/gennodejs/ros/rwth_perception_people_msgs/msg/_index.js, /home/seif/catkin_ws/devel/share/gennodejs/ros/rwth_perception_people_msgs/msg/_index.js)
Linked: (/home/seif/catkin_ws/devel/.private/rwth_perception_people_msgs/share/gennodejs/ros/rwth_perception_people_msgs/msg/PedestrianTrackingArray.js, /home/seif/catkin_ws/devel/share/gennodejs/ros/rwth_perception_people_msgs/msg/PedestrianTrackingArray.js)
Linked: (/home/seif/catkin_ws/devel/.private/rwth_perception_people_msgs/share/gennodejs/ros/rwth_perception_people_msgs/msg/PedestrianLocations.js, /home/seif/catkin_ws/devel/share/gennodejs/ros/rwth_perception_people_msgs/msg/PedestrianLocations.js)
Linked: (/home/seif/catkin_ws/devel/.private/rwth_perception_people_msgs/share/roseus/ros/rwth_perception_people_msgs/manifest.l, /home/seif/catkin_ws/devel/share/roseus/ros/rwth_perception_people_msgs/manifest.l)
Linked: (/home/seif/catkin_ws/devel/.private/rwth_perception_people_msgs/share/roseus/ros/rwth_perception_people_msgs/msg/UpperBodyDetector.l, /home/seif/catkin_ws/devel/share/roseus/ros/rwth_perception_people_msgs/msg/UpperBodyDetector.l)
Linked: (/home/seif/catkin_ws/devel/.private/rwth_perception_people_msgs/share/roseus/ros/rwth_perception_people_msgs/msg/Annotation.l, /home/seif/catkin_ws/devel/share/roseus/ros/rwth_perception_people_msgs/msg/Annotation.l)
Linked: (/home/seif/catkin_ws/devel/.private/rwth_perception_people_msgs/share/roseus/ros/rwth_perception_people_msgs/msg/GroundPlane.l, /home/seif/catkin_ws/devel/share/roseus/ros/rwth_perception_people_msgs/msg/GroundPlane.l)
Linked: (/home/seif/catkin_ws/devel/.private/rwth_perception_people_msgs/share/roseus/ros/rwth_perception_people_msgs/msg/PedestrianTrackingArray.l, /home/seif/catkin_ws/devel/share/roseus/ros/rwth_perception_people_msgs/msg/PedestrianTrackingArray.l)
Linked: (/home/seif/catkin_ws/devel/.private/rwth_perception_people_msgs/share/roseus/ros/rwth_perception_people_msgs/msg/PedestrianLocations.l, /home/seif/catkin_ws/devel/share/roseus/ros/rwth_perception_people_msgs/msg/PedestrianLocations.l)
Linked: (/home/seif/catkin_ws/devel/.private/rwth_perception_people_msgs/share/roseus/ros/rwth_perception_people_msgs/msg/AnnotatedFrame.l, /home/seif/catkin_ws/devel/share/roseus/ros/rwth_perception_people_msgs/msg/AnnotatedFrame.l)
Linked: (/home/seif/catkin_ws/devel/.private/rwth_perception_people_msgs/share/roseus/ros/rwth_perception_people_msgs/msg/PedestrianTracking.l, /home/seif/catkin_ws/devel/share/roseus/ros/rwth_perception_people_msgs/msg/PedestrianTracking.l)
Linked: (/home/seif/catkin_ws/devel/.private/rwth_perception_people_msgs/share/roseus/ros/rwth_perception_people_msgs/msg/GroundHOGDetections.l, /home/seif/catkin_ws/devel/share/roseus/ros/rwth_perception_people_msgs/msg/GroundHOGDetections.l)
Linked: (/home/seif/catkin_ws/devel/.private/rwth_perception_people_msgs/share/roseus/ros/rwth_perception_people_msgs/msg/VisualOdometry.l, /home/seif/catkin_ws/devel/share/roseus/ros/rwth_perception_people_msgs/msg/VisualOdometry.l)
Linked: (/home/seif/catkin_ws/devel/.private/rwth_perception_people_msgs/share/common-lisp/ros/rwth_perception_people_msgs/msg/UpperBodyDetector.lisp, /home/seif/catkin_ws/devel/share/common-lisp/ros/rwth_perception_people_msgs/msg/UpperBodyDetector.lisp)
Linked: (/home/seif/catkin_ws/devel/.private/rwth_perception_people_msgs/share/common-lisp/ros/rwth_perception_people_msgs/msg/PedestrianTrackingArray.lisp, /home/seif/catkin_ws/devel/share/common-lisp/ros/rwth_perception_people_msgs/msg/PedestrianTrackingArray.lisp)
Linked: (/home/seif/catkin_ws/devel/.private/rwth_perception_people_msgs/share/common-lisp/ros/rwth_perception_people_msgs/msg/_package_PedestrianTracking.lisp, /home/seif/catkin_ws/devel/share/common-lisp/ros/rwth_perception_people_msgs/msg/_package_PedestrianTracking.lisp)
Linked: (/home/seif/catkin_ws/devel/.private/rwth_perception_people_msgs/share/common-lisp/ros/rwth_perception_people_msgs/msg/_package_Annotation.lisp, /home/seif/catkin_ws/devel/share/common-lisp/ros/rwth_perception_people_msgs/msg/_package_Annotation.lisp)
Linked: (/home/seif/catkin_ws/devel/.private/rwth_perception_people_msgs/share/common-lisp/ros/rwth_perception_people_msgs/msg/rwth_perception_people_msgs-msg.asd, /home/seif/catkin_ws/devel/share/common-lisp/ros/rwth_perception_people_msgs/msg/rwth_perception_people_msgs-msg.asd)
Linked: (/home/seif/catkin_ws/devel/.private/rwth_perception_people_msgs/share/common-lisp/ros/rwth_perception_people_msgs/msg/AnnotatedFrame.lisp, /home/seif/catkin_ws/devel/share/common-lisp/ros/rwth_perception_people_msgs/msg/AnnotatedFrame.lisp)
Linked: (/home/seif/catkin_ws/devel/.private/rwth_perception_people_msgs/share/common-lisp/ros/rwth_perception_people_msgs/msg/GroundHOGDetections.lisp, /home/seif/catkin_ws/devel/share/common-lisp/ros/rwth_perception_people_msgs/msg/GroundHOGDetections.lisp)
Linked: (/home/seif/catkin_ws/devel/.private/rwth_perception_people_msgs/share/common-lisp/ros/rwth_perception_people_msgs/msg/_package_AnnotatedFrame.lisp, /home/seif/catkin_ws/devel/share/common-lisp/ros/rwth_perception_people_msgs/msg/_package_AnnotatedFrame.lisp)
Linked: (/home/seif/catkin_ws/devel/.private/rwth_perception_people_msgs/share/common-lisp/ros/rwth_perception_people_msgs/msg/GroundPlane.lisp, /home/seif/catkin_ws/devel/share/common-lisp/ros/rwth_perception_people_msgs/msg/GroundPlane.lisp)
Linked: (/home/seif/catkin_ws/devel/.private/rwth_perception_people_msgs/share/common-lisp/ros/rwth_perception_people_msgs/msg/_package_GroundPlane.lisp, /home/seif/catkin_ws/devel/share/common-lisp/ros/rwth_perception_people_msgs/msg/_package_GroundPlane.lisp)
Linked: (/home/seif/catkin_ws/devel/.private/rwth_perception_people_msgs/share/common-lisp/ros/rwth_perception_people_msgs/msg/_package_GroundHOGDetections.lisp, /home/seif/catkin_ws/devel/share/common-lisp/ros/rwth_perception_people_msgs/msg/_package_GroundHOGDetections.lisp)
Linked: (/home/seif/catkin_ws/devel/.private/rwth_perception_people_msgs/share/common-lisp/ros/rwth_perception_people_msgs/msg/PedestrianTracking.lisp, /home/seif/catkin_ws/devel/share/common-lisp/ros/rwth_perception_people_msgs/msg/PedestrianTracking.lisp)
Linked: (/home/seif/catkin_ws/devel/.private/rwth_perception_people_msgs/share/common-lisp/ros/rwth_perception_people_msgs/msg/PedestrianLocations.lisp, /home/seif/catkin_ws/devel/share/common-lisp/ros/rwth_perception_people_msgs/msg/PedestrianLocations.lisp)
Linked: (/home/seif/catkin_ws/devel/.private/rwth_perception_people_msgs/share/common-lisp/ros/rwth_perception_people_msgs/msg/_package_UpperBodyDetector.lisp, /home/seif/catkin_ws/devel/share/common-lisp/ros/rwth_perception_people_msgs/msg/_package_UpperBodyDetector.lisp)
Linked: (/home/seif/catkin_ws/devel/.private/rwth_perception_people_msgs/share/common-lisp/ros/rwth_perception_people_msgs/msg/_package_PedestrianLocations.lisp, /home/seif/catkin_ws/devel/share/common-lisp/ros/rwth_perception_people_msgs/msg/_package_PedestrianLocations.lisp)
Linked: (/home/seif/catkin_ws/devel/.private/rwth_perception_people_msgs/share/common-lisp/ros/rwth_perception_people_msgs/msg/VisualOdometry.lisp, /home/seif/catkin_ws/devel/share/common-lisp/ros/rwth_perception_people_msgs/msg/VisualOdometry.lisp)
Linked: (/home/seif/catkin_ws/devel/.private/rwth_perception_people_msgs/share/common-lisp/ros/rwth_perception_people_msgs/msg/_package_PedestrianTrackingArray.lisp, /home/seif/catkin_ws/devel/share/common-lisp/ros/rwth_perception_people_msgs/msg/_package_PedestrianTrackingArray.lisp)
Linked: (/home/seif/catkin_ws/devel/.private/rwth_perception_people_msgs/share/common-lisp/ros/rwth_perception_people_msgs/msg/_package_VisualOdometry.lisp, /home/seif/catkin_ws/devel/share/common-lisp/ros/rwth_perception_people_msgs/msg/_package_VisualOdometry.lisp)
Linked: (/home/seif/catkin_ws/devel/.private/rwth_perception_people_msgs/share/common-lisp/ros/rwth_perception_people_msgs/msg/Annotation.lisp, /home/seif/catkin_ws/devel/share/common-lisp/ros/rwth_perception_people_msgs/msg/Annotation.lisp)
Linked: (/home/seif/catkin_ws/devel/.private/rwth_perception_people_msgs/share/common-lisp/ros/rwth_perception_people_msgs/msg/_package.lisp, /home/seif/catkin_ws/devel/share/common-lisp/ros/rwth_perception_people_msgs/msg/_package.lisp)
Linked: (/home/seif/catkin_ws/devel/.private/rwth_perception_people_msgs/include/rwth_perception_people_msgs/PedestrianLocations.h, /home/seif/catkin_ws/devel/include/rwth_perception_people_msgs/PedestrianLocations.h)
Linked: (/home/seif/catkin_ws/devel/.private/rwth_perception_people_msgs/include/rwth_perception_people_msgs/UpperBodyDetector.h, /home/seif/catkin_ws/devel/include/rwth_perception_people_msgs/UpperBodyDetector.h)
Linked: (/home/seif/catkin_ws/devel/.private/rwth_perception_people_msgs/include/rwth_perception_people_msgs/PedestrianTrackingArray.h, /home/seif/catkin_ws/devel/include/rwth_perception_people_msgs/PedestrianTrackingArray.h)
Linked: (/home/seif/catkin_ws/devel/.private/rwth_perception_people_msgs/include/rwth_perception_people_msgs/GroundHOGDetections.h, /home/seif/catkin_ws/devel/include/rwth_perception_people_msgs/GroundHOGDetections.h)
Linked: (/home/seif/catkin_ws/devel/.private/rwth_perception_people_msgs/include/rwth_perception_people_msgs/PedestrianTracking.h, /home/seif/catkin_ws/devel/include/rwth_perception_people_msgs/PedestrianTracking.h)
Linked: (/home/seif/catkin_ws/devel/.private/rwth_perception_people_msgs/include/rwth_perception_people_msgs/AnnotatedFrame.h, /home/seif/catkin_ws/devel/include/rwth_perception_people_msgs/AnnotatedFrame.h)
Linked: (/home/seif/catkin_ws/devel/.private/rwth_perception_people_msgs/include/rwth_perception_people_msgs/VisualOdometry.h, /home/seif/catkin_ws/devel/include/rwth_perception_people_msgs/VisualOdometry.h)
Linked: (/home/seif/catkin_ws/devel/.private/rwth_perception_people_msgs/include/rwth_perception_people_msgs/Annotation.h, /home/seif/catkin_ws/devel/include/rwth_perception_people_msgs/Annotation.h)
Linked: (/home/seif/catkin_ws/devel/.private/rwth_perception_people_msgs/include/rwth_perception_people_msgs/GroundPlane.h, /home/seif/catkin_ws/devel/include/rwth_perception_people_msgs/GroundPlane.h)
