[  0%] Built target _rwth_perception_people_msgs_generate_messages_check_deps_Annotation
[  0%] Built target _rwth_perception_people_msgs_generate_messages_check_deps_VisualOdometry
[  0%] Built target _rwth_perception_people_msgs_generate_messages_check_deps_PedestrianTracking
[  0%] Built target geometry_msgs_generate_messages_cpp
[  0%] Built target _rwth_perception_people_msgs_generate_messages_check_deps_GroundPlane
[  0%] Built target std_msgs_generate_messages_cpp
[  0%] Built target _rwth_perception_people_msgs_generate_messages_check_deps_PedestrianLocations
[  0%] Built target _rwth_perception_people_msgs_generate_messages_check_deps_GroundHOGDetections
[  0%] Built target _rwth_perception_people_msgs_generate_messages_check_deps_UpperBodyDetector
[  0%] Built target _rwth_perception_people_msgs_generate_messages_check_deps_PedestrianTrackingArray
[  0%] Built target geometry_msgs_generate_messages_lisp
[  0%] Built target std_msgs_generate_messages_lisp
[  0%] Built target _rwth_perception_people_msgs_generate_messages_check_deps_AnnotatedFrame
[  0%] Built target std_msgs_generate_messages_py
[  0%] Built target geometry_msgs_generate_messages_py
[  0%] Built target geometry_msgs_generate_messages_nodejs
[  0%] Built target std_msgs_generate_messages_nodejs
[  0%] Built target std_msgs_generate_messages_eus
[  0%] Built target geometry_msgs_generate_messages_eus
[ 19%] Built target rwth_perception_people_msgs_generate_messages_cpp
[ 38%] Built target rwth_perception_people_msgs_generate_messages_lisp
[ 59%] Built target rwth_perception_people_msgs_generate_messages_py
[ 78%] Built target rwth_perception_people_msgs_generate_messages_nodejs
[100%] Built target rwth_perception_people_msgs_generate_messages_eus
[100%] Built target rwth_perception_people_msgs_generate_messages
