Linked: (/home/seif/catkin_ws/devel/.private/srl_laser_segmentation/lib/python3/dist-packages/srl_laser_segmentation/__init__.py, /home/seif/catkin_ws/devel/lib/python3/dist-packages/srl_laser_segmentation/__init__.py)
Linked: (/home/seif/catkin_ws/devel/.private/srl_laser_segmentation/lib/python3/dist-packages/srl_laser_segmentation/msg/_LaserscanSegment.py, /home/seif/catkin_ws/devel/lib/python3/dist-packages/srl_laser_segmentation/msg/_LaserscanSegment.py)
Linked: (/home/seif/catkin_ws/devel/.private/srl_laser_segmentation/lib/python3/dist-packages/srl_laser_segmentation/msg/__init__.py, /home/seif/catkin_ws/devel/lib/python3/dist-packages/srl_laser_segmentation/msg/__init__.py)
Linked: (/home/seif/catkin_ws/devel/.private/srl_laser_segmentation/lib/python3/dist-packages/srl_laser_segmentation/msg/_BoolStamped.py, /home/seif/catkin_ws/devel/lib/python3/dist-packages/srl_laser_segmentation/msg/_BoolStamped.py)
Linked: (/home/seif/catkin_ws/devel/.private/srl_laser_segmentation/lib/python3/dist-packages/srl_laser_segmentation/msg/_LaserscanSegmentation.py, /home/seif/catkin_ws/devel/lib/python3/dist-packages/srl_laser_segmentation/msg/_LaserscanSegmentation.py)
Linked: (/home/seif/catkin_ws/devel/.private/srl_laser_segmentation/lib/srl_laser_segmentation/jump_distance_segmentation, /home/seif/catkin_ws/devel/lib/srl_laser_segmentation/jump_distance_segmentation)
Linked: (/home/seif/catkin_ws/devel/.private/srl_laser_segmentation/lib/srl_laser_segmentation/extended_jump_distance_segmentation, /home/seif/catkin_ws/devel/lib/srl_laser_segmentation/extended_jump_distance_segmentation)
Linked: (/home/seif/catkin_ws/devel/.private/srl_laser_segmentation/lib/srl_laser_segmentation/ahc_segmentation, /home/seif/catkin_ws/devel/lib/srl_laser_segmentation/ahc_segmentation)
Linked: (/home/seif/catkin_ws/devel/.private/srl_laser_segmentation/lib/pkgconfig/srl_laser_segmentation.pc, /home/seif/catkin_ws/devel/lib/pkgconfig/srl_laser_segmentation.pc)
Linked: (/home/seif/catkin_ws/devel/.private/srl_laser_segmentation/share/gennodejs/ros/srl_laser_segmentation/_index.js, /home/seif/catkin_ws/devel/share/gennodejs/ros/srl_laser_segmentation/_index.js)
Linked: (/home/seif/catkin_ws/devel/.private/srl_laser_segmentation/share/gennodejs/ros/srl_laser_segmentation/msg/LaserscanSegmentation.js, /home/seif/catkin_ws/devel/share/gennodejs/ros/srl_laser_segmentation/msg/LaserscanSegmentation.js)
Linked: (/home/seif/catkin_ws/devel/.private/srl_laser_segmentation/share/gennodejs/ros/srl_laser_segmentation/msg/_index.js, /home/seif/catkin_ws/devel/share/gennodejs/ros/srl_laser_segmentation/msg/_index.js)
Linked: (/home/seif/catkin_ws/devel/.private/srl_laser_segmentation/share/gennodejs/ros/srl_laser_segmentation/msg/BoolStamped.js, /home/seif/catkin_ws/devel/share/gennodejs/ros/srl_laser_segmentation/msg/BoolStamped.js)
Linked: (/home/seif/catkin_ws/devel/.private/srl_laser_segmentation/share/gennodejs/ros/srl_laser_segmentation/msg/LaserscanSegment.js, /home/seif/catkin_ws/devel/share/gennodejs/ros/srl_laser_segmentation/msg/LaserscanSegment.js)
Linked: (/home/seif/catkin_ws/devel/.private/srl_laser_segmentation/share/roseus/ros/srl_laser_segmentation/manifest.l, /home/seif/catkin_ws/devel/share/roseus/ros/srl_laser_segmentation/manifest.l)
Linked: (/home/seif/catkin_ws/devel/.private/srl_laser_segmentation/share/roseus/ros/srl_laser_segmentation/msg/BoolStamped.l, /home/seif/catkin_ws/devel/share/roseus/ros/srl_laser_segmentation/msg/BoolStamped.l)
Linked: (/home/seif/catkin_ws/devel/.private/srl_laser_segmentation/share/roseus/ros/srl_laser_segmentation/msg/LaserscanSegment.l, /home/seif/catkin_ws/devel/share/roseus/ros/srl_laser_segmentation/msg/LaserscanSegment.l)
Linked: (/home/seif/catkin_ws/devel/.private/srl_laser_segmentation/share/roseus/ros/srl_laser_segmentation/msg/LaserscanSegmentation.l, /home/seif/catkin_ws/devel/share/roseus/ros/srl_laser_segmentation/msg/LaserscanSegmentation.l)
Linked: (/home/seif/catkin_ws/devel/.private/srl_laser_segmentation/share/common-lisp/ros/srl_laser_segmentation/msg/LaserscanSegment.lisp, /home/seif/catkin_ws/devel/share/common-lisp/ros/srl_laser_segmentation/msg/LaserscanSegment.lisp)
Linked: (/home/seif/catkin_ws/devel/.private/srl_laser_segmentation/share/common-lisp/ros/srl_laser_segmentation/msg/_package_BoolStamped.lisp, /home/seif/catkin_ws/devel/share/common-lisp/ros/srl_laser_segmentation/msg/_package_BoolStamped.lisp)
Linked: (/home/seif/catkin_ws/devel/.private/srl_laser_segmentation/share/common-lisp/ros/srl_laser_segmentation/msg/srl_laser_segmentation-msg.asd, /home/seif/catkin_ws/devel/share/common-lisp/ros/srl_laser_segmentation/msg/srl_laser_segmentation-msg.asd)
Linked: (/home/seif/catkin_ws/devel/.private/srl_laser_segmentation/share/common-lisp/ros/srl_laser_segmentation/msg/_package_LaserscanSegmentation.lisp, /home/seif/catkin_ws/devel/share/common-lisp/ros/srl_laser_segmentation/msg/_package_LaserscanSegmentation.lisp)
Linked: (/home/seif/catkin_ws/devel/.private/srl_laser_segmentation/share/common-lisp/ros/srl_laser_segmentation/msg/BoolStamped.lisp, /home/seif/catkin_ws/devel/share/common-lisp/ros/srl_laser_segmentation/msg/BoolStamped.lisp)
Linked: (/home/seif/catkin_ws/devel/.private/srl_laser_segmentation/share/common-lisp/ros/srl_laser_segmentation/msg/_package_LaserscanSegment.lisp, /home/seif/catkin_ws/devel/share/common-lisp/ros/srl_laser_segmentation/msg/_package_LaserscanSegment.lisp)
Linked: (/home/seif/catkin_ws/devel/.private/srl_laser_segmentation/share/common-lisp/ros/srl_laser_segmentation/msg/LaserscanSegmentation.lisp, /home/seif/catkin_ws/devel/share/common-lisp/ros/srl_laser_segmentation/msg/LaserscanSegmentation.lisp)
Linked: (/home/seif/catkin_ws/devel/.private/srl_laser_segmentation/share/common-lisp/ros/srl_laser_segmentation/msg/_package.lisp, /home/seif/catkin_ws/devel/share/common-lisp/ros/srl_laser_segmentation/msg/_package.lisp)
Linked: (/home/seif/catkin_ws/devel/.private/srl_laser_segmentation/share/srl_laser_segmentation/cmake/srl_laser_segmentation-msg-extras.cmake, /home/seif/catkin_ws/devel/share/srl_laser_segmentation/cmake/srl_laser_segmentation-msg-extras.cmake)
Linked: (/home/seif/catkin_ws/devel/.private/srl_laser_segmentation/share/srl_laser_segmentation/cmake/srl_laser_segmentationConfig-version.cmake, /home/seif/catkin_ws/devel/share/srl_laser_segmentation/cmake/srl_laser_segmentationConfig-version.cmake)
Linked: (/home/seif/catkin_ws/devel/.private/srl_laser_segmentation/share/srl_laser_segmentation/cmake/srl_laser_segmentationConfig.cmake, /home/seif/catkin_ws/devel/share/srl_laser_segmentation/cmake/srl_laser_segmentationConfig.cmake)
Linked: (/home/seif/catkin_ws/devel/.private/srl_laser_segmentation/share/srl_laser_segmentation/cmake/srl_laser_segmentation-msg-paths.cmake, /home/seif/catkin_ws/devel/share/srl_laser_segmentation/cmake/srl_laser_segmentation-msg-paths.cmake)
Linked: (/home/seif/catkin_ws/devel/.private/srl_laser_segmentation/include/srl_laser_segmentation/LaserscanSegmentation.h, /home/seif/catkin_ws/devel/include/srl_laser_segmentation/LaserscanSegmentation.h)
Linked: (/home/seif/catkin_ws/devel/.private/srl_laser_segmentation/include/srl_laser_segmentation/LaserscanSegment.h, /home/seif/catkin_ws/devel/include/srl_laser_segmentation/LaserscanSegment.h)
Linked: (/home/seif/catkin_ws/devel/.private/srl_laser_segmentation/include/srl_laser_segmentation/BoolStamped.h, /home/seif/catkin_ws/devel/include/srl_laser_segmentation/BoolStamped.h)
