[  0%] Built target geometry_msgs_generate_messages_eus
[  0%] Built target sensor_msgs_generate_messages_cpp
[  0%] Built target _srl_laser_segmentation_generate_messages_check_deps_LaserscanSegment
[  0%] Built target std_msgs_generate_messages_cpp
[  0%] Built target _srl_laser_segmentation_generate_messages_check_deps_BoolStamped
[  0%] Built target _srl_laser_segmentation_generate_messages_check_deps_LaserscanSegmentation
[  0%] Built target visualization_msgs_generate_messages_py
[  0%] Built target visualization_msgs_generate_messages_nodejs
[  0%] Built target visualization_msgs_generate_messages_cpp
[  0%] Built target rosgraph_msgs_generate_messages_eus
[  0%] Built target rosgraph_msgs_generate_messages_cpp
[  0%] Built target roscpp_generate_messages_nodejs
[  0%] Built target std_msgs_generate_messages_eus
[  0%] Built target geometry_msgs_generate_messages_lisp
[  0%] Built target geometry_msgs_generate_messages_py
[  0%] Built target sensor_msgs_generate_messages_py
[  0%] Built target visualization_msgs_generate_messages_eus
[  0%] Built target geometry_msgs_generate_messages_cpp
[  0%] Built target visualization_msgs_generate_messages_lisp
[  0%] Built target geometry_msgs_generate_messages_nodejs
[  0%] Built target roscpp_generate_messages_eus
[  0%] Built target sensor_msgs_generate_messages_lisp
[  0%] Built target sensor_msgs_generate_messages_nodejs
[  0%] Built target roscpp_generate_messages_py
[  0%] Built target sensor_msgs_generate_messages_eus
[  0%] Built target roscpp_generate_messages_cpp
[  0%] Built target rosgraph_msgs_generate_messages_py
[  0%] Built target rosgraph_msgs_generate_messages_lisp
[  0%] Built target std_msgs_generate_messages_lisp
[  0%] Built target roscpp_generate_messages_lisp
[  0%] Built target std_msgs_generate_messages_py
[  0%] Built target rosgraph_msgs_generate_messages_nodejs
[  0%] Built target std_msgs_generate_messages_nodejs
[ 12%] Built target srl_laser_segmentation_generate_messages_eus
[ 25%] Built target srl_laser_segmentation_generate_messages_py
[ 35%] Built target srl_laser_segmentation_generate_messages_nodejs
[ 45%] Built target srl_laser_segmentation_generate_messages_lisp
[ 54%] Built target srl_laser_segmentation_generate_messages_cpp
[ 74%] Built target ahc_segmentation
[ 74%] Built target srl_laser_segmentation_generate_messages
[ 87%] Built target extended_jump_distance_segmentation
[100%] Built target jump_distance_segmentation
