Linked: (/home/seif/catkin_ws/devel/.private/people_msgs/lib/python3/dist-packages/people_msgs/__init__.py, /home/seif/catkin_ws/devel/lib/python3/dist-packages/people_msgs/__init__.py)
Linked: (/home/seif/catkin_ws/devel/.private/people_msgs/lib/python3/dist-packages/people_msgs/msg/_PositionMeasurement.py, /home/seif/catkin_ws/devel/lib/python3/dist-packages/people_msgs/msg/_PositionMeasurement.py)
Linked: (/home/seif/catkin_ws/devel/.private/people_msgs/lib/python3/dist-packages/people_msgs/msg/_PersonStamped.py, /home/seif/catkin_ws/devel/lib/python3/dist-packages/people_msgs/msg/_PersonStamped.py)
Linked: (/home/seif/catkin_ws/devel/.private/people_msgs/lib/python3/dist-packages/people_msgs/msg/_PositionMeasurementArray.py, /home/seif/catkin_ws/devel/lib/python3/dist-packages/people_msgs/msg/_PositionMeasurementArray.py)
Linked: (/home/seif/catkin_ws/devel/.private/people_msgs/lib/python3/dist-packages/people_msgs/msg/__init__.py, /home/seif/catkin_ws/devel/lib/python3/dist-packages/people_msgs/msg/__init__.py)
Linked: (/home/seif/catkin_ws/devel/.private/people_msgs/lib/python3/dist-packages/people_msgs/msg/_Person.py, /home/seif/catkin_ws/devel/lib/python3/dist-packages/people_msgs/msg/_Person.py)
Linked: (/home/seif/catkin_ws/devel/.private/people_msgs/lib/python3/dist-packages/people_msgs/msg/_People.py, /home/seif/catkin_ws/devel/lib/python3/dist-packages/people_msgs/msg/_People.py)
Linked: (/home/seif/catkin_ws/devel/.private/people_msgs/lib/pkgconfig/people_msgs.pc, /home/seif/catkin_ws/devel/lib/pkgconfig/people_msgs.pc)
Linked: (/home/seif/catkin_ws/devel/.private/people_msgs/share/people_msgs/cmake/people_msgsConfig.cmake, /home/seif/catkin_ws/devel/share/people_msgs/cmake/people_msgsConfig.cmake)
Linked: (/home/seif/catkin_ws/devel/.private/people_msgs/share/people_msgs/cmake/people_msgs-msg-paths.cmake, /home/seif/catkin_ws/devel/share/people_msgs/cmake/people_msgs-msg-paths.cmake)
Linked: (/home/seif/catkin_ws/devel/.private/people_msgs/share/people_msgs/cmake/people_msgs-msg-extras.cmake, /home/seif/catkin_ws/devel/share/people_msgs/cmake/people_msgs-msg-extras.cmake)
Linked: (/home/seif/catkin_ws/devel/.private/people_msgs/share/people_msgs/cmake/people_msgsConfig-version.cmake, /home/seif/catkin_ws/devel/share/people_msgs/cmake/people_msgsConfig-version.cmake)
Linked: (/home/seif/catkin_ws/devel/.private/people_msgs/share/gennodejs/ros/people_msgs/_index.js, /home/seif/catkin_ws/devel/share/gennodejs/ros/people_msgs/_index.js)
Linked: (/home/seif/catkin_ws/devel/.private/people_msgs/share/gennodejs/ros/people_msgs/msg/PositionMeasurement.js, /home/seif/catkin_ws/devel/share/gennodejs/ros/people_msgs/msg/PositionMeasurement.js)
Linked: (/home/seif/catkin_ws/devel/.private/people_msgs/share/gennodejs/ros/people_msgs/msg/PositionMeasurementArray.js, /home/seif/catkin_ws/devel/share/gennodejs/ros/people_msgs/msg/PositionMeasurementArray.js)
Linked: (/home/seif/catkin_ws/devel/.private/people_msgs/share/gennodejs/ros/people_msgs/msg/Person.js, /home/seif/catkin_ws/devel/share/gennodejs/ros/people_msgs/msg/Person.js)
Linked: (/home/seif/catkin_ws/devel/.private/people_msgs/share/gennodejs/ros/people_msgs/msg/PersonStamped.js, /home/seif/catkin_ws/devel/share/gennodejs/ros/people_msgs/msg/PersonStamped.js)
Linked: (/home/seif/catkin_ws/devel/.private/people_msgs/share/gennodejs/ros/people_msgs/msg/People.js, /home/seif/catkin_ws/devel/share/gennodejs/ros/people_msgs/msg/People.js)
Linked: (/home/seif/catkin_ws/devel/.private/people_msgs/share/gennodejs/ros/people_msgs/msg/_index.js, /home/seif/catkin_ws/devel/share/gennodejs/ros/people_msgs/msg/_index.js)
Linked: (/home/seif/catkin_ws/devel/.private/people_msgs/share/roseus/ros/people_msgs/manifest.l, /home/seif/catkin_ws/devel/share/roseus/ros/people_msgs/manifest.l)
Linked: (/home/seif/catkin_ws/devel/.private/people_msgs/share/roseus/ros/people_msgs/msg/Person.l, /home/seif/catkin_ws/devel/share/roseus/ros/people_msgs/msg/Person.l)
Linked: (/home/seif/catkin_ws/devel/.private/people_msgs/share/roseus/ros/people_msgs/msg/PositionMeasurementArray.l, /home/seif/catkin_ws/devel/share/roseus/ros/people_msgs/msg/PositionMeasurementArray.l)
Linked: (/home/seif/catkin_ws/devel/.private/people_msgs/share/roseus/ros/people_msgs/msg/People.l, /home/seif/catkin_ws/devel/share/roseus/ros/people_msgs/msg/People.l)
Linked: (/home/seif/catkin_ws/devel/.private/people_msgs/share/roseus/ros/people_msgs/msg/PersonStamped.l, /home/seif/catkin_ws/devel/share/roseus/ros/people_msgs/msg/PersonStamped.l)
Linked: (/home/seif/catkin_ws/devel/.private/people_msgs/share/roseus/ros/people_msgs/msg/PositionMeasurement.l, /home/seif/catkin_ws/devel/share/roseus/ros/people_msgs/msg/PositionMeasurement.l)
Linked: (/home/seif/catkin_ws/devel/.private/people_msgs/share/common-lisp/ros/people_msgs/msg/PersonStamped.lisp, /home/seif/catkin_ws/devel/share/common-lisp/ros/people_msgs/msg/PersonStamped.lisp)
Linked: (/home/seif/catkin_ws/devel/.private/people_msgs/share/common-lisp/ros/people_msgs/msg/people_msgs-msg.asd, /home/seif/catkin_ws/devel/share/common-lisp/ros/people_msgs/msg/people_msgs-msg.asd)
Linked: (/home/seif/catkin_ws/devel/.private/people_msgs/share/common-lisp/ros/people_msgs/msg/PositionMeasurementArray.lisp, /home/seif/catkin_ws/devel/share/common-lisp/ros/people_msgs/msg/PositionMeasurementArray.lisp)
Linked: (/home/seif/catkin_ws/devel/.private/people_msgs/share/common-lisp/ros/people_msgs/msg/_package_PersonStamped.lisp, /home/seif/catkin_ws/devel/share/common-lisp/ros/people_msgs/msg/_package_PersonStamped.lisp)
Linked: (/home/seif/catkin_ws/devel/.private/people_msgs/share/common-lisp/ros/people_msgs/msg/_package_Person.lisp, /home/seif/catkin_ws/devel/share/common-lisp/ros/people_msgs/msg/_package_Person.lisp)
Linked: (/home/seif/catkin_ws/devel/.private/people_msgs/share/common-lisp/ros/people_msgs/msg/_package_People.lisp, /home/seif/catkin_ws/devel/share/common-lisp/ros/people_msgs/msg/_package_People.lisp)
Linked: (/home/seif/catkin_ws/devel/.private/people_msgs/share/common-lisp/ros/people_msgs/msg/People.lisp, /home/seif/catkin_ws/devel/share/common-lisp/ros/people_msgs/msg/People.lisp)
Linked: (/home/seif/catkin_ws/devel/.private/people_msgs/share/common-lisp/ros/people_msgs/msg/Person.lisp, /home/seif/catkin_ws/devel/share/common-lisp/ros/people_msgs/msg/Person.lisp)
Linked: (/home/seif/catkin_ws/devel/.private/people_msgs/share/common-lisp/ros/people_msgs/msg/_package_PositionMeasurementArray.lisp, /home/seif/catkin_ws/devel/share/common-lisp/ros/people_msgs/msg/_package_PositionMeasurementArray.lisp)
Linked: (/home/seif/catkin_ws/devel/.private/people_msgs/share/common-lisp/ros/people_msgs/msg/_package_PositionMeasurement.lisp, /home/seif/catkin_ws/devel/share/common-lisp/ros/people_msgs/msg/_package_PositionMeasurement.lisp)
Linked: (/home/seif/catkin_ws/devel/.private/people_msgs/share/common-lisp/ros/people_msgs/msg/PositionMeasurement.lisp, /home/seif/catkin_ws/devel/share/common-lisp/ros/people_msgs/msg/PositionMeasurement.lisp)
Linked: (/home/seif/catkin_ws/devel/.private/people_msgs/share/common-lisp/ros/people_msgs/msg/_package.lisp, /home/seif/catkin_ws/devel/share/common-lisp/ros/people_msgs/msg/_package.lisp)
Linked: (/home/seif/catkin_ws/devel/.private/people_msgs/include/people_msgs/PositionMeasurementArray.h, /home/seif/catkin_ws/devel/include/people_msgs/PositionMeasurementArray.h)
Linked: (/home/seif/catkin_ws/devel/.private/people_msgs/include/people_msgs/Person.h, /home/seif/catkin_ws/devel/include/people_msgs/Person.h)
Linked: (/home/seif/catkin_ws/devel/.private/people_msgs/include/people_msgs/PositionMeasurement.h, /home/seif/catkin_ws/devel/include/people_msgs/PositionMeasurement.h)
Linked: (/home/seif/catkin_ws/devel/.private/people_msgs/include/people_msgs/PersonStamped.h, /home/seif/catkin_ws/devel/include/people_msgs/PersonStamped.h)
Linked: (/home/seif/catkin_ws/devel/.private/people_msgs/include/people_msgs/People.h, /home/seif/catkin_ws/devel/include/people_msgs/People.h)
