[35m[1mScanning dependencies of target vision_msgs_generate_messages_nodejs[0m
[  0%] Built target vision_msgs_generate_messages_nodejs
[35m[1mScanning dependencies of target topic_tools_generate_messages_nodejs[0m
[  0%] Built target topic_tools_generate_messages_nodejs
[35m[1mScanning dependencies of target topic_tools_generate_messages_lisp[0m
[  0%] Built target topic_tools_generate_messages_lisp
[35m[1mScanning dependencies of target std_srvs_generate_messages_lisp[0m
[35m[1mScanning dependencies of target std_srvs_generate_messages_eus[0m
[  0%] Built target std_srvs_generate_messages_lisp
[  0%] Built target std_srvs_generate_messages_eus
[35m[1mScanning dependencies of target pcl_msgs_generate_messages_py[0m
[35m[1mScanning dependencies of target pcl_msgs_generate_messages_nodejs[0m
[  0%] Built target pcl_msgs_generate_messages_py
[  0%] Built target pcl_msgs_generate_messages_nodejs
[35m[1mScanning dependencies of target pcl_msgs_generate_messages_lisp[0m
[  0%] Built target pcl_msgs_generate_messages_lisp
[35m[1mScanning dependencies of target pcl_msgs_generate_messages_eus[0m
[  0%] Built target pcl_msgs_generate_messages_eus
[35m[1mScanning dependencies of target pcl_msgs_generate_messages_cpp[0m
[  0%] Built target pcl_msgs_generate_messages_cpp
[35m[1mScanning dependencies of target bond_generate_messages_py[0m
[  0%] Built target bond_generate_messages_py
[35m[1mScanning dependencies of target bond_generate_messages_lisp[0m
[  0%] Built target bond_generate_messages_lisp
[35m[1mScanning dependencies of target bond_generate_messages_eus[0m
[  0%] Built target bond_generate_messages_eus
[35m[1mScanning dependencies of target std_srvs_generate_messages_nodejs[0m
[  0%] Built target std_srvs_generate_messages_nodejs
[35m[1mScanning dependencies of target nodelet_generate_messages_py[0m
[  0%] Built target nodelet_generate_messages_py
[35m[1mScanning dependencies of target nodelet_generate_messages_eus[0m
[  0%] Built target nodelet_generate_messages_eus
[35m[1mScanning dependencies of target nodelet_generate_messages_cpp[0m
[  0%] Built target nodelet_generate_messages_cpp
[35m[1mScanning dependencies of target dynamic_reconfigure_gencfg[0m
[  0%] Built target dynamic_reconfigure_gencfg
[35m[1mScanning dependencies of target dynamic_reconfigure_generate_messages_cpp[0m
[  0%] Built target dynamic_reconfigure_generate_messages_cpp
[35m[1mScanning dependencies of target pcl_ros_gencfg[0m
[  0%] Built target pcl_ros_gencfg
[35m[1mScanning dependencies of target bond_generate_messages_nodejs[0m
[  0%] Built target bond_generate_messages_nodejs
[35m[1mScanning dependencies of target fiducial_msgs_generate_messages_nodejs[0m
[  0%] Built target fiducial_msgs_generate_messages_nodejs
[35m[1mScanning dependencies of target fiducial_msgs_generate_messages_lisp[0m
[  0%] Built target fiducial_msgs_generate_messages_lisp
[35m[1mScanning dependencies of target topic_tools_generate_messages_eus[0m
[  0%] Built target topic_tools_generate_messages_eus
[35m[1mScanning dependencies of target fiducial_msgs_generate_messages_cpp[0m
[35m[1mScanning dependencies of target fiducial_msgs_generate_messages_eus[0m
[  0%] Built target fiducial_msgs_generate_messages_cpp
[  0%] Built target fiducial_msgs_generate_messages_eus
[35m[1mScanning dependencies of target actionlib_generate_messages_nodejs[0m
[  0%] Built target actionlib_generate_messages_nodejs
[35m[1mScanning dependencies of target geometry_msgs_generate_messages_eus[0m
[35m[1mScanning dependencies of target actionlib_msgs_generate_messages_cpp[0m
[  0%] Built target geometry_msgs_generate_messages_eus
[  0%] Built target actionlib_msgs_generate_messages_cpp
[35m[1mScanning dependencies of target nodelet_generate_messages_lisp[0m
[35m[1mScanning dependencies of target std_msgs_generate_messages_nodejs[0m
[  0%] Built target std_msgs_generate_messages_nodejs
[  0%] Built target nodelet_generate_messages_lisp
[35m[1mScanning dependencies of target std_msgs_generate_messages_py[0m
[  0%] Built target std_msgs_generate_messages_py
[35m[1mScanning dependencies of target std_msgs_generate_messages_cpp[0m
[  0%] Built target std_msgs_generate_messages_cpp
[35m[1mScanning dependencies of target dynamic_reconfigure_generate_messages_lisp[0m
[  0%] Built target dynamic_reconfigure_generate_messages_lisp
[35m[1mScanning dependencies of target tf2_msgs_generate_messages_cpp[0m
[35m[1mScanning dependencies of target rosgraph_msgs_generate_messages_nodejs[0m
[  0%] Built target tf2_msgs_generate_messages_cpp
[  0%] Built target rosgraph_msgs_generate_messages_nodejs
[35m[1mScanning dependencies of target actionlib_generate_messages_cpp[0m
[  0%] Built target actionlib_generate_messages_cpp
[35m[1mScanning dependencies of target actionlib_msgs_generate_messages_py[0m
[  0%] Built target actionlib_msgs_generate_messages_py
[35m[1mScanning dependencies of target actionlib_generate_messages_lisp[0m
[35m[1mScanning dependencies of target fiducial_msgs_generate_messages_py[0m
[  0%] Built target actionlib_generate_messages_lisp
[  0%] Built target fiducial_msgs_generate_messages_py
[35m[1mScanning dependencies of target roscpp_generate_messages_lisp[0m
[35m[1mScanning dependencies of target std_msgs_generate_messages_lisp[0m
[  0%] Built target roscpp_generate_messages_lisp
[  0%] Built target std_msgs_generate_messages_lisp
[35m[1mScanning dependencies of target std_srvs_generate_messages_cpp[0m
[35m[1mScanning dependencies of target tf_generate_messages_eus[0m
[  0%] Built target std_srvs_generate_messages_cpp
[  0%] Built target tf_generate_messages_eus
[35m[1mScanning dependencies of target rosgraph_msgs_generate_messages_lisp[0m
[35m[1mScanning dependencies of target dynamic_reconfigure_generate_messages_py[0m
[  0%] Built target rosgraph_msgs_generate_messages_lisp
[  0%] Built target dynamic_reconfigure_generate_messages_py
[35m[1mScanning dependencies of target actionlib_msgs_generate_messages_eus[0m
[35m[1mScanning dependencies of target vision_msgs_generate_messages_py[0m
[  0%] Built target actionlib_msgs_generate_messages_eus
[35m[1mScanning dependencies of target rosgraph_msgs_generate_messages_py[0m
[35m[1mScanning dependencies of target roscpp_generate_messages_py[0m
[  0%] Built target vision_msgs_generate_messages_py
[  0%] Built target rosgraph_msgs_generate_messages_py
[  0%] Built target roscpp_generate_messages_py
[35m[1mScanning dependencies of target topic_tools_generate_messages_py[0m
[35m[1mScanning dependencies of target geometry_msgs_generate_messages_py[0m
[35m[1mScanning dependencies of target roscpp_generate_messages_cpp[0m
[  0%] Built target roscpp_generate_messages_cpp
[  0%] Built target topic_tools_generate_messages_py
[  0%] Built target geometry_msgs_generate_messages_py
[35m[1mScanning dependencies of target roscpp_generate_messages_eus[0m
[35m[1mScanning dependencies of target sensor_msgs_generate_messages_py[0m
[35m[1mScanning dependencies of target tf2_msgs_generate_messages_eus[0m
[  0%] Built target roscpp_generate_messages_eus
[  0%] Built target sensor_msgs_generate_messages_py
[  0%] Built target tf2_msgs_generate_messages_eus
[35m[1mScanning dependencies of target dynamic_reconfigure_generate_messages_eus[0m
[35m[1mScanning dependencies of target geometry_msgs_generate_messages_nodejs[0m
[35m[1mScanning dependencies of target visualization_msgs_generate_messages_lisp[0m
[  0%] Built target dynamic_reconfigure_generate_messages_eus
[  0%] Built target geometry_msgs_generate_messages_nodejs
[  0%] Built target visualization_msgs_generate_messages_lisp
[35m[1mScanning dependencies of target vision_msgs_generate_messages_eus[0m
[35m[1mScanning dependencies of target geometry_msgs_generate_messages_cpp[0m
[35m[1mScanning dependencies of target bond_generate_messages_cpp[0m
[  0%] Built target geometry_msgs_generate_messages_cpp
[  0%] Built target vision_msgs_generate_messages_eus
[  0%] Built target bond_generate_messages_cpp
[35m[1mScanning dependencies of target tf2_msgs_generate_messages_py[0m
[35m[1mScanning dependencies of target dynamic_reconfigure_generate_messages_nodejs[0m
[35m[1mScanning dependencies of target visualization_msgs_generate_messages_eus[0m
[  0%] Built target dynamic_reconfigure_generate_messages_nodejs
[  0%] Built target tf2_msgs_generate_messages_py
[  0%] Built target visualization_msgs_generate_messages_eus
[35m[1mScanning dependencies of target geometry_msgs_generate_messages_lisp[0m
[35m[1mScanning dependencies of target nodelet_generate_messages_nodejs[0m
[35m[1mScanning dependencies of target tf_generate_messages_cpp[0m
[  0%] Built target geometry_msgs_generate_messages_lisp
[  0%] Built target tf_generate_messages_cpp
[  0%] Built target nodelet_generate_messages_nodejs
[35m[1mScanning dependencies of target vision_msgs_generate_messages_lisp[0m
[35m[1mScanning dependencies of target roscpp_generate_messages_nodejs[0m
[35m[1mScanning dependencies of target actionlib_generate_messages_eus[0m
[  0%] Built target vision_msgs_generate_messages_lisp
[  0%] Built target roscpp_generate_messages_nodejs
[  0%] Built target actionlib_generate_messages_eus
[35m[1mScanning dependencies of target rosgraph_msgs_generate_messages_cpp[0m
[35m[1mScanning dependencies of target std_srvs_generate_messages_py[0m
[35m[1mScanning dependencies of target rosgraph_msgs_generate_messages_eus[0m
[  0%] Built target rosgraph_msgs_generate_messages_cpp
[  0%] Built target std_srvs_generate_messages_py
[  0%] Built target rosgraph_msgs_generate_messages_eus
[35m[1mScanning dependencies of target actionlib_generate_messages_py[0m
[35m[1mScanning dependencies of target std_msgs_generate_messages_eus[0m
[35m[1mScanning dependencies of target tf_generate_messages_py[0m
[  0%] Built target actionlib_generate_messages_py
[  0%] Built target tf_generate_messages_py
[  0%] Built target std_msgs_generate_messages_eus
[35m[1mScanning dependencies of target actionlib_msgs_generate_messages_nodejs[0m
[35m[1mScanning dependencies of target tf2_msgs_generate_messages_lisp[0m
[35m[1mScanning dependencies of target actionlib_msgs_generate_messages_lisp[0m
[  0%] Built target actionlib_msgs_generate_messages_nodejs
[  0%] Built target actionlib_msgs_generate_messages_lisp
[  0%] Built target tf2_msgs_generate_messages_lisp
[35m[1mScanning dependencies of target tf2_msgs_generate_messages_nodejs[0m
[35m[1mScanning dependencies of target tf_generate_messages_lisp[0m
[35m[1mScanning dependencies of target vision_msgs_generate_messages_cpp[0m
[  0%] Built target tf2_msgs_generate_messages_nodejs
[  0%] Built target tf_generate_messages_lisp
[  0%] Built target vision_msgs_generate_messages_cpp
[35m[1mScanning dependencies of target tf_generate_messages_nodejs[0m
[35m[1mScanning dependencies of target nodelet_topic_tools_gencfg[0m
[35m[1mScanning dependencies of target sensor_msgs_generate_messages_cpp[0m
[  0%] Built target tf_generate_messages_nodejs
[  0%] Built target sensor_msgs_generate_messages_cpp
[  0%] Built target nodelet_topic_tools_gencfg
[35m[1mScanning dependencies of target visualization_msgs_generate_messages_cpp[0m
[35m[1mScanning dependencies of target sensor_msgs_generate_messages_lisp[0m
[35m[1mScanning dependencies of target sensor_msgs_generate_messages_eus[0m
[  0%] Built target sensor_msgs_generate_messages_eus
[  0%] Built target visualization_msgs_generate_messages_cpp
[  0%] Built target sensor_msgs_generate_messages_lisp
[35m[1mScanning dependencies of target sensor_msgs_generate_messages_nodejs[0m
[35m[1mScanning dependencies of target topic_tools_generate_messages_cpp[0m
[35m[1mScanning dependencies of target visualization_msgs_generate_messages_nodejs[0m
[  0%] Built target sensor_msgs_generate_messages_nodejs
[  0%] Built target topic_tools_generate_messages_cpp
[  0%] Built target visualization_msgs_generate_messages_nodejs
[35m[1mScanning dependencies of target visualization_msgs_generate_messages_py[0m
[35m[1mScanning dependencies of target fiducial_tracker[0m
[  0%] Built target visualization_msgs_generate_messages_py
[35m[1mScanning dependencies of target aruco_tracker_node[0m
[ 20%] [32mBuilding CXX object CMakeFiles/aruco_tracker_node.dir/src/aruco_tracker_node.cpp.o[0m
[ 40%] [32mBuilding CXX object CMakeFiles/fiducial_tracker.dir/src/aruco_tracker/ArucoTracker.cpp.o[0m
[ 60%] [32mBuilding CXX object CMakeFiles/aruco_tracker_node.dir/src/aruco_tracker/ArucoTracker.cpp.o[0m
[ 80%] [32m[1mLinking CXX shared library /home/seif/catkin_ws/devel/.private/fiducial_tracker/lib/libfiducial_tracker.so[0m
[100%] [32m[1mLinking CXX executable /home/seif/catkin_ws/devel/.private/fiducial_tracker/lib/fiducial_tracker/aruco_tracker_node[0m
[100%] Built target fiducial_tracker
[100%] Built target aruco_tracker_node
