Linked: (/home/seif/catkin_ws/devel/.private/spencer_detected_person_association/lib/libspencer_detected_person_association.so, /home/seif/catkin_ws/devel/lib/libspencer_detected_person_association.so)
Linked: (/home/seif/catkin_ws/devel/.private/spencer_detected_person_association/lib/spencer_detected_person_association/check_poses_and_covariances.py, /home/seif/catkin_ws/devel/lib/spencer_detected_person_association/check_poses_and_covariances.py)
Linked: (/home/seif/catkin_ws/devel/.private/spencer_detected_person_association/lib/spencer_detected_person_association/visualize_composite_detections.py, /home/seif/catkin_ws/devel/lib/spencer_detected_person_association/visualize_composite_detections.py)
Linked: (/home/seif/catkin_ws/devel/.private/spencer_detected_person_association/lib/spencer_detected_person_association/cmake.lock, /home/seif/catkin_ws/devel/lib/spencer_detected_person_association/cmake.lock)
Linked: (/home/seif/catkin_ws/devel/.private/spencer_detected_person_association/lib/spencer_detected_person_association/track_synchronizer_test.py, /home/seif/catkin_ws/devel/lib/spencer_detected_person_association/track_synchronizer_test.py)
Linked: (/home/seif/catkin_ws/devel/.private/spencer_detected_person_association/lib/spencer_detected_person_association/composite_detections_to_detections.py, /home/seif/catkin_ws/devel/lib/spencer_detected_person_association/composite_detections_to_detections.py)
Linked: (/home/seif/catkin_ws/devel/.private/spencer_detected_person_association/lib/spencer_detected_person_association/dump_detection_positions.py, /home/seif/catkin_ws/devel/lib/spencer_detected_person_association/dump_detection_positions.py)
Linked: (/home/seif/catkin_ws/devel/.private/spencer_detected_person_association/lib/python3/dist-packages/spencer_detected_person_association/__init__.py, /home/seif/catkin_ws/devel/lib/python3/dist-packages/spencer_detected_person_association/__init__.py)
Linked: (/home/seif/catkin_ws/devel/.private/spencer_detected_person_association/lib/python3/dist-packages/spencer_detected_person_association/srv/_LookupTrackId.py, /home/seif/catkin_ws/devel/lib/python3/dist-packages/spencer_detected_person_association/srv/_LookupTrackId.py)
Linked: (/home/seif/catkin_ws/devel/.private/spencer_detected_person_association/lib/python3/dist-packages/spencer_detected_person_association/srv/_LookupTrackIds.py, /home/seif/catkin_ws/devel/lib/python3/dist-packages/spencer_detected_person_association/srv/_LookupTrackIds.py)
Linked: (/home/seif/catkin_ws/devel/.private/spencer_detected_person_association/lib/python3/dist-packages/spencer_detected_person_association/srv/__init__.py, /home/seif/catkin_ws/devel/lib/python3/dist-packages/spencer_detected_person_association/srv/__init__.py)
Linked: (/home/seif/catkin_ws/devel/.private/spencer_detected_person_association/lib/pkgconfig/spencer_detected_person_association.pc, /home/seif/catkin_ws/devel/lib/pkgconfig/spencer_detected_person_association.pc)
Linked: (/home/seif/catkin_ws/devel/.private/spencer_detected_person_association/share/gennodejs/ros/spencer_detected_person_association/_index.js, /home/seif/catkin_ws/devel/share/gennodejs/ros/spencer_detected_person_association/_index.js)
Linked: (/home/seif/catkin_ws/devel/.private/spencer_detected_person_association/share/gennodejs/ros/spencer_detected_person_association/srv/_index.js, /home/seif/catkin_ws/devel/share/gennodejs/ros/spencer_detected_person_association/srv/_index.js)
Linked: (/home/seif/catkin_ws/devel/.private/spencer_detected_person_association/share/gennodejs/ros/spencer_detected_person_association/srv/LookupTrackId.js, /home/seif/catkin_ws/devel/share/gennodejs/ros/spencer_detected_person_association/srv/LookupTrackId.js)
Linked: (/home/seif/catkin_ws/devel/.private/spencer_detected_person_association/share/gennodejs/ros/spencer_detected_person_association/srv/LookupTrackIds.js, /home/seif/catkin_ws/devel/share/gennodejs/ros/spencer_detected_person_association/srv/LookupTrackIds.js)
Linked: (/home/seif/catkin_ws/devel/.private/spencer_detected_person_association/share/roseus/ros/spencer_detected_person_association/manifest.l, /home/seif/catkin_ws/devel/share/roseus/ros/spencer_detected_person_association/manifest.l)
Linked: (/home/seif/catkin_ws/devel/.private/spencer_detected_person_association/share/roseus/ros/spencer_detected_person_association/srv/LookupTrackId.l, /home/seif/catkin_ws/devel/share/roseus/ros/spencer_detected_person_association/srv/LookupTrackId.l)
Linked: (/home/seif/catkin_ws/devel/.private/spencer_detected_person_association/share/roseus/ros/spencer_detected_person_association/srv/LookupTrackIds.l, /home/seif/catkin_ws/devel/share/roseus/ros/spencer_detected_person_association/srv/LookupTrackIds.l)
Linked: (/home/seif/catkin_ws/devel/.private/spencer_detected_person_association/share/spencer_detected_person_association/cmake/spencer_detected_person_associationConfig.cmake, /home/seif/catkin_ws/devel/share/spencer_detected_person_association/cmake/spencer_detected_person_associationConfig.cmake)
Linked: (/home/seif/catkin_ws/devel/.private/spencer_detected_person_association/share/spencer_detected_person_association/cmake/spencer_detected_person_associationConfig-version.cmake, /home/seif/catkin_ws/devel/share/spencer_detected_person_association/cmake/spencer_detected_person_associationConfig-version.cmake)
Linked: (/home/seif/catkin_ws/devel/.private/spencer_detected_person_association/share/spencer_detected_person_association/cmake/spencer_detected_person_association-msg-paths.cmake, /home/seif/catkin_ws/devel/share/spencer_detected_person_association/cmake/spencer_detected_person_association-msg-paths.cmake)
Linked: (/home/seif/catkin_ws/devel/.private/spencer_detected_person_association/share/spencer_detected_person_association/cmake/spencer_detected_person_association-msg-extras.cmake, /home/seif/catkin_ws/devel/share/spencer_detected_person_association/cmake/spencer_detected_person_association-msg-extras.cmake)
Linked: (/home/seif/catkin_ws/devel/.private/spencer_detected_person_association/share/common-lisp/ros/spencer_detected_person_association/srv/spencer_detected_person_association-srv.asd, /home/seif/catkin_ws/devel/share/common-lisp/ros/spencer_detected_person_association/srv/spencer_detected_person_association-srv.asd)
Linked: (/home/seif/catkin_ws/devel/.private/spencer_detected_person_association/share/common-lisp/ros/spencer_detected_person_association/srv/LookupTrackId.lisp, /home/seif/catkin_ws/devel/share/common-lisp/ros/spencer_detected_person_association/srv/LookupTrackId.lisp)
Linked: (/home/seif/catkin_ws/devel/.private/spencer_detected_person_association/share/common-lisp/ros/spencer_detected_person_association/srv/LookupTrackIds.lisp, /home/seif/catkin_ws/devel/share/common-lisp/ros/spencer_detected_person_association/srv/LookupTrackIds.lisp)
Linked: (/home/seif/catkin_ws/devel/.private/spencer_detected_person_association/share/common-lisp/ros/spencer_detected_person_association/srv/_package_LookupTrackId.lisp, /home/seif/catkin_ws/devel/share/common-lisp/ros/spencer_detected_person_association/srv/_package_LookupTrackId.lisp)
Linked: (/home/seif/catkin_ws/devel/.private/spencer_detected_person_association/share/common-lisp/ros/spencer_detected_person_association/srv/_package_LookupTrackIds.lisp, /home/seif/catkin_ws/devel/share/common-lisp/ros/spencer_detected_person_association/srv/_package_LookupTrackIds.lisp)
Linked: (/home/seif/catkin_ws/devel/.private/spencer_detected_person_association/share/common-lisp/ros/spencer_detected_person_association/srv/_package.lisp, /home/seif/catkin_ws/devel/share/common-lisp/ros/spencer_detected_person_association/srv/_package.lisp)
Linked: (/home/seif/catkin_ws/devel/.private/spencer_detected_person_association/include/spencer_detected_person_association/LookupTrackIdsResponse.h, /home/seif/catkin_ws/devel/include/spencer_detected_person_association/LookupTrackIdsResponse.h)
Linked: (/home/seif/catkin_ws/devel/.private/spencer_detected_person_association/include/spencer_detected_person_association/LookupTrackIdsRequest.h, /home/seif/catkin_ws/devel/include/spencer_detected_person_association/LookupTrackIdsRequest.h)
Linked: (/home/seif/catkin_ws/devel/.private/spencer_detected_person_association/include/spencer_detected_person_association/LookupTrackIdResponse.h, /home/seif/catkin_ws/devel/include/spencer_detected_person_association/LookupTrackIdResponse.h)
Linked: (/home/seif/catkin_ws/devel/.private/spencer_detected_person_association/include/spencer_detected_person_association/LookupTrackIds.h, /home/seif/catkin_ws/devel/include/spencer_detected_person_association/LookupTrackIds.h)
Linked: (/home/seif/catkin_ws/devel/.private/spencer_detected_person_association/include/spencer_detected_person_association/LookupTrackId.h, /home/seif/catkin_ws/devel/include/spencer_detected_person_association/LookupTrackId.h)
Linked: (/home/seif/catkin_ws/devel/.private/spencer_detected_person_association/include/spencer_detected_person_association/LookupTrackIdRequest.h, /home/seif/catkin_ws/devel/include/spencer_detected_person_association/LookupTrackIdRequest.h)
