[  0%] Built target actionlib_msgs_generate_messages_lisp
[  0%] Built target geometry_msgs_generate_messages_nodejs
[  0%] Built target geometry_msgs_generate_messages_eus
[  0%] Built target _sbpl_lattice_planner_generate_messages_check_deps_SBPLLatticePlannerStats
[  0%] Built target visualization_msgs_generate_messages_py
[  0%] Built target geometry_msgs_generate_messages_cpp
[  0%] Built target visualization_msgs_generate_messages_lisp
[  0%] Built target visualization_msgs_generate_messages_nodejs
[  0%] Built target nav_msgs_generate_messages_lisp
[  0%] Built target nav_msgs_generate_messages_eus
[  0%] Built target visualization_msgs_generate_messages_eus
[  0%] Built target nav_msgs_generate_messages_cpp
[  0%] Built target map_msgs_generate_messages_nodejs
[  0%] Built target map_msgs_generate_messages_lisp
[  0%] Built target map_msgs_generate_messages_eus
[  0%] Built target map_msgs_generate_messages_cpp
[  0%] Built target tf2_msgs_generate_messages_nodejs
[  0%] Built target tf2_msgs_generate_messages_lisp
[  0%] Built target costmap_2d_gencfg
[  0%] Built target costmap_2d_generate_messages_py
[  0%] Built target costmap_2d_generate_messages_lisp
[  0%] Built target roscpp_generate_messages_lisp
[  0%] Built target actionlib_generate_messages_lisp
[  0%] Built target geometry_msgs_generate_messages_py
[  0%] Built target std_msgs_generate_messages_py
[  0%] Built target std_msgs_generate_messages_nodejs
[  0%] Built target dynamic_reconfigure_generate_messages_lisp
[  0%] Built target std_msgs_generate_messages_cpp
[  0%] Built target tf2_msgs_generate_messages_cpp
[  0%] Built target rosgraph_msgs_generate_messages_nodejs
[  0%] Built target costmap_2d_generate_messages_cpp
[  0%] Built target actionlib_generate_messages_cpp
[  0%] Built target actionlib_msgs_generate_messages_py
[  0%] Built target map_msgs_generate_messages_py
[  0%] Built target costmap_2d_generate_messages_nodejs
[  0%] Built target std_msgs_generate_messages_lisp
[  0%] Built target rosgraph_msgs_generate_messages_lisp
[  0%] Built target tf_generate_messages_eus
[  0%] Built target dynamic_reconfigure_generate_messages_py
[  0%] Built target actionlib_msgs_generate_messages_eus
[  0%] Built target rosgraph_msgs_generate_messages_py
[  0%] Built target roscpp_generate_messages_py
[  0%] Built target dynamic_reconfigure_gencfg
[  0%] Built target roscpp_generate_messages_cpp
[  0%] Built target roscpp_generate_messages_eus
[  0%] Built target tf2_msgs_generate_messages_eus
[  0%] Built target sensor_msgs_generate_messages_py
[  0%] Built target dynamic_reconfigure_generate_messages_cpp
[  0%] Built target nav_msgs_generate_messages_py
[  0%] Built target tf_generate_messages_lisp
[  0%] Built target roscpp_generate_messages_nodejs
[  0%] Built target rosgraph_msgs_generate_messages_eus
[  0%] Built target dynamic_reconfigure_generate_messages_nodejs
[  0%] Built target tf2_msgs_generate_messages_py
[  0%] Built target nav_msgs_generate_messages_nodejs
[ 11%] Built target sensor_msgs_generate_messages_cpp
[ 22%] Built target sbpl_lattice_planner_generate_messages_py
[ 22%] Built target costmap_2d_generate_messages_eus
[ 22%] Built target tf_generate_messages_cpp
[ 22%] Built target geometry_msgs_generate_messages_lisp
[ 22%] Built target dynamic_reconfigure_generate_messages_eus
[ 22%] Built target tf_generate_messages_nodejs
[ 22%] Built target visualization_msgs_generate_messages_cpp
[ 22%] Built target sensor_msgs_generate_messages_lisp
[ 22%] Built target sensor_msgs_generate_messages_eus
[ 22%] Built target sensor_msgs_generate_messages_nodejs
[ 22%] Built target rosgraph_msgs_generate_messages_cpp
[ 22%] Built target actionlib_generate_messages_eus
[ 22%] Built target actionlib_msgs_generate_messages_cpp
[ 22%] Built target actionlib_generate_messages_nodejs
[ 22%] Built target actionlib_generate_messages_py
[ 22%] Built target tf_generate_messages_py
[ 22%] Built target std_msgs_generate_messages_eus
[ 22%] Built target actionlib_msgs_generate_messages_nodejs
[ 33%] Built target sbpl_lattice_planner_generate_messages_nodejs
[ 55%] Built target sbpl_lattice_planner_generate_messages_eus
[ 66%] Built target sbpl_lattice_planner_generate_messages_cpp
[ 77%] Built target sbpl_lattice_planner_generate_messages_lisp
[ 77%] Built target sbpl_lattice_planner_generate_messages
[100%] Built target sbpl_lattice_planner
