Performing C SOURCE FILE Test CMAKE_HAVE_LIBC_PTHREAD failed with the following output:
Change Dir: /home/seif/catkin_ws/build/CMakeFiles/CMakeTmp

Run Build Command(s):/usr/bin/make cmTC_c4c99/fast && /usr/bin/make -f CMakeFiles/cmTC_c4c99.dir/build.make CMakeFiles/cmTC_c4c99.dir/build
make[1]: Entering directory '/home/seif/catkin_ws/build/CMakeFiles/CMakeTmp'
Building C object CMakeFiles/cmTC_c4c99.dir/src.c.o
/usr/bin/gcc   -DCMAKE_HAVE_LIBC_PTHREAD   -o CMakeFiles/cmTC_c4c99.dir/src.c.o   -c /home/seif/catkin_ws/build/CMakeFiles/CMakeTmp/src.c
Linking C executable cmTC_c4c99
/usr/bin/cmake -E cmake_link_script CMakeFiles/cmTC_c4c99.dir/link.txt --verbose=1
/usr/bin/gcc  -DCMAKE_HAVE_LIBC_PTHREAD    -rdynamic CMakeFiles/cmTC_c4c99.dir/src.c.o  -o cmTC_c4c99 
/usr/bin/ld: CMakeFiles/cmTC_c4c99.dir/src.c.o: in function `main':
src.c:(.text+0x46): undefined reference to `pthread_create'
/usr/bin/ld: src.c:(.text+0x52): undefined reference to `pthread_detach'
/usr/bin/ld: src.c:(.text+0x63): undefined reference to `pthread_join'
collect2: error: ld returned 1 exit status
make[1]: *** [CMakeFiles/cmTC_c4c99.dir/build.make:87: cmTC_c4c99] Error 1
make[1]: Leaving directory '/home/seif/catkin_ws/build/CMakeFiles/CMakeTmp'
make: *** [Makefile:121: cmTC_c4c99/fast] Error 2


Source file was:
#include <pthread.h>

void* test_func(void* data)
{
  return data;
}

int main(void)
{
  pthread_t thread;
  pthread_create(&thread, NULL, test_func, NULL);
  pthread_detach(thread);
  pthread_join(thread, NULL);
  pthread_atfork(NULL, NULL, NULL);
  pthread_exit(NULL);

  return 0;
}

Determining if the function pthread_create exists in the pthreads failed with the following output:
Change Dir: /home/seif/catkin_ws/build/CMakeFiles/CMakeTmp

Run Build Command(s):/usr/bin/make cmTC_aabaf/fast && /usr/bin/make -f CMakeFiles/cmTC_aabaf.dir/build.make CMakeFiles/cmTC_aabaf.dir/build
make[1]: Entering directory '/home/seif/catkin_ws/build/CMakeFiles/CMakeTmp'
Building C object CMakeFiles/cmTC_aabaf.dir/CheckFunctionExists.c.o
/usr/bin/gcc   -DCHECK_FUNCTION_EXISTS=pthread_create   -o CMakeFiles/cmTC_aabaf.dir/CheckFunctionExists.c.o   -c /usr/share/cmake-3.16/Modules/CheckFunctionExists.c
Linking C executable cmTC_aabaf
/usr/bin/cmake -E cmake_link_script CMakeFiles/cmTC_aabaf.dir/link.txt --verbose=1
/usr/bin/gcc  -DCHECK_FUNCTION_EXISTS=pthread_create    -rdynamic CMakeFiles/cmTC_aabaf.dir/CheckFunctionExists.c.o  -o cmTC_aabaf  -lpthreads 
/usr/bin/ld: cannot find -lpthreads
collect2: error: ld returned 1 exit status
make[1]: *** [CMakeFiles/cmTC_aabaf.dir/build.make:87: cmTC_aabaf] Error 1
make[1]: Leaving directory '/home/seif/catkin_ws/build/CMakeFiles/CMakeTmp'
make: *** [Makefile:121: cmTC_aabaf/fast] Error 2



Performing C SOURCE FILE Test CMAKE_HAVE_LIBC_PTHREAD failed with the following output:
Change Dir: /home/seif/catkin_ws/build/CMakeFiles/CMakeTmp

Run Build Command(s):/usr/bin/ninja cmTC_78b87 && [1/2] Building C object CMakeFiles/cmTC_78b87.dir/src.c.o
[2/2] Linking C executable cmTC_78b87
FAILED: cmTC_78b87 
: && /usr/bin/gcc -DCMAKE_HAVE_LIBC_PTHREAD  -rdynamic CMakeFiles/cmTC_78b87.dir/src.c.o  -o cmTC_78b87   && :
/usr/bin/ld: CMakeFiles/cmTC_78b87.dir/src.c.o: in function `main':
src.c:(.text+0x46): undefined reference to `pthread_create'
/usr/bin/ld: src.c:(.text+0x52): undefined reference to `pthread_detach'
/usr/bin/ld: src.c:(.text+0x63): undefined reference to `pthread_join'
collect2: error: ld returned 1 exit status
ninja: build stopped: subcommand failed.


Source file was:
#include <pthread.h>

void* test_func(void* data)
{
  return data;
}

int main(void)
{
  pthread_t thread;
  pthread_create(&thread, NULL, test_func, NULL);
  pthread_detach(thread);
  pthread_join(thread, NULL);
  pthread_atfork(NULL, NULL, NULL);
  pthread_exit(NULL);

  return 0;
}

Determining if the function pthread_create exists in the pthreads failed with the following output:
Change Dir: /home/seif/catkin_ws/build/CMakeFiles/CMakeTmp

Run Build Command(s):/usr/bin/ninja cmTC_d8378 && [1/2] Building C object CMakeFiles/cmTC_d8378.dir/CheckFunctionExists.c.o
[2/2] Linking C executable cmTC_d8378
FAILED: cmTC_d8378 
: && /usr/bin/gcc -DCHECK_FUNCTION_EXISTS=pthread_create  -rdynamic CMakeFiles/cmTC_d8378.dir/CheckFunctionExists.c.o  -o cmTC_d8378  -lpthreads && :
/usr/bin/ld: cannot find -lpthreads
collect2: error: ld returned 1 exit status
ninja: build stopped: subcommand failed.



