[  5%] Built target setInitialPose_node
[ 10%] Built target ros_filter_utilities
[ 10%] Built target geometry_msgs_generate_messages_cpp
[ 10%] Built target _robot_localization_generate_messages_check_deps_SetDatum
[ 10%] Built target std_msgs_generate_messages_cpp
[ 10%] Built target geographic_msgs_generate_messages_cpp
[ 10%] Built target _robot_localization_generate_messages_check_deps_SetPose
[ 15%] Built target filter_utilities
[ 20%] Built target tf_broadcaster
[ 20%] Built target geometry_msgs_generate_messages_nodejs
[ 20%] Built target std_msgs_generate_messages_nodejs
[ 20%] Built target geometry_msgs_generate_messages_py
[ 20%] Built target geographic_msgs_generate_messages_nodejs
[ 20%] Built target std_msgs_generate_messages_py
[ 20%] Built target geographic_msgs_generate_messages_py
[ 20%] Built target std_msgs_generate_messages_eus
[ 20%] Built target geometry_msgs_generate_messages_eus
[ 20%] Built target geographic_msgs_generate_messages_eus
[ 20%] Built target geometry_msgs_generate_messages_lisp
[ 20%] Built target std_msgs_generate_messages_lisp
[ 20%] Built target geographic_msgs_generate_messages_lisp
[ 25%] Built target gt_tf_broadcaster
[ 30%] Built target odometry_to_pose_node
[ 35%] Built target robot_localization_generate_messages_cpp
[ 40%] Built target robot_localization_generate_messages_nodejs
[ 47%] Built target robot_localization_generate_messages_py
[ 55%] Built target robot_localization_generate_messages_eus
[ 60%] Built target robot_localization_generate_messages_lisp
[ 60%] Built target robot_localization_gencpp
[ 60%] Built target robot_localization_generate_messages
[ 65%] Built target filter_base
[ 70%] Built target navsat_transform
[ 75%] Built target ekf
[ 80%] Built target navsat_transform_node
[ 85%] Built target ukf
[ 90%] Built target ros_filter
[ 95%] Built target ekf_localization_node
[100%] Built target ukf_localization_node
