[  0%] Built target nav_msgs_generate_messages_py
[  0%] Built target std_msgs_generate_messages_py
[  0%] Built target sensor_msgs_generate_messages_py
[  0%] Built target geometry_msgs_generate_messages_py
[  0%] Built target _spencer_social_relation_msgs_generate_messages_check_deps_SocialActivities
[  0%] Built target _spencer_social_relation_msgs_generate_messages_check_deps_SocialRelation
[  0%] Built target sensor_msgs_generate_messages_eus
[  0%] Built target geometry_msgs_generate_messages_eus
[  0%] Built target std_msgs_generate_messages_eus
[  0%] Built target _spencer_social_relation_msgs_generate_messages_check_deps_SocialRelations
[  0%] Built target _spencer_social_relation_msgs_generate_messages_check_deps_SocialActivity
[  0%] Built target nav_msgs_generate_messages_eus
[  0%] Built target std_msgs_generate_messages_lisp
[  0%] Built target geometry_msgs_generate_messages_lisp
[  0%] Built target sensor_msgs_generate_messages_lisp
[  0%] Built target nav_msgs_generate_messages_lisp
[  0%] Built target sensor_msgs_generate_messages_cpp
[  0%] Built target nav_msgs_generate_messages_cpp
[  0%] Built target std_msgs_generate_messages_cpp
[  0%] Built target geometry_msgs_generate_messages_cpp
[  0%] Built target std_msgs_generate_messages_nodejs
[  0%] Built target sensor_msgs_generate_messages_nodejs
[  0%] Built target geometry_msgs_generate_messages_nodejs
[ 22%] Built target spencer_social_relation_msgs_generate_messages_py
[ 22%] Built target nav_msgs_generate_messages_nodejs
[ 40%] Built target spencer_social_relation_msgs_generate_messages_cpp
[ 63%] Built target spencer_social_relation_msgs_generate_messages_eus
[ 81%] Built target spencer_social_relation_msgs_generate_messages_lisp
[100%] Built target spencer_social_relation_msgs_generate_messages_nodejs
[100%] Built target spencer_social_relation_msgs_generate_messages
