Linked: (/home/seif/catkin_ws/devel/.private/tug_neo_locate_station/lib/libtug_neo_locate_station_math_toolbox.a, /home/seif/catkin_ws/devel/lib/libtug_neo_locate_station_math_toolbox.a)
Linked: (/home/seif/catkin_ws/devel/.private/tug_neo_locate_station/lib/tug_neo_locate_station/tug_neo_locate_station_server, /home/seif/catkin_ws/devel/lib/tug_neo_locate_station/tug_neo_locate_station_server)
Linked: (/home/seif/catkin_ws/devel/.private/tug_neo_locate_station/lib/tug_neo_locate_station/tug_neo_locate_station_client, /home/seif/catkin_ws/devel/lib/tug_neo_locate_station/tug_neo_locate_station_client)
Linked: (/home/seif/catkin_ws/devel/.private/tug_neo_locate_station/lib/python3/dist-packages/tug_neo_locate_station/__init__.py, /home/seif/catkin_ws/devel/lib/python3/dist-packages/tug_neo_locate_station/__init__.py)
Linked: (/home/seif/catkin_ws/devel/.private/tug_neo_locate_station/lib/python3/dist-packages/tug_neo_locate_station/srv/_LocateStation.py, /home/seif/catkin_ws/devel/lib/python3/dist-packages/tug_neo_locate_station/srv/_LocateStation.py)
Linked: (/home/seif/catkin_ws/devel/.private/tug_neo_locate_station/lib/python3/dist-packages/tug_neo_locate_station/srv/__init__.py, /home/seif/catkin_ws/devel/lib/python3/dist-packages/tug_neo_locate_station/srv/__init__.py)
Linked: (/home/seif/catkin_ws/devel/.private/tug_neo_locate_station/lib/pkgconfig/tug_neo_locate_station.pc, /home/seif/catkin_ws/devel/lib/pkgconfig/tug_neo_locate_station.pc)
Linked: (/home/seif/catkin_ws/devel/.private/tug_neo_locate_station/share/gennodejs/ros/tug_neo_locate_station/_index.js, /home/seif/catkin_ws/devel/share/gennodejs/ros/tug_neo_locate_station/_index.js)
Linked: (/home/seif/catkin_ws/devel/.private/tug_neo_locate_station/share/gennodejs/ros/tug_neo_locate_station/srv/_index.js, /home/seif/catkin_ws/devel/share/gennodejs/ros/tug_neo_locate_station/srv/_index.js)
Linked: (/home/seif/catkin_ws/devel/.private/tug_neo_locate_station/share/gennodejs/ros/tug_neo_locate_station/srv/LocateStation.js, /home/seif/catkin_ws/devel/share/gennodejs/ros/tug_neo_locate_station/srv/LocateStation.js)
Linked: (/home/seif/catkin_ws/devel/.private/tug_neo_locate_station/share/roseus/ros/tug_neo_locate_station/manifest.l, /home/seif/catkin_ws/devel/share/roseus/ros/tug_neo_locate_station/manifest.l)
Linked: (/home/seif/catkin_ws/devel/.private/tug_neo_locate_station/share/roseus/ros/tug_neo_locate_station/srv/LocateStation.l, /home/seif/catkin_ws/devel/share/roseus/ros/tug_neo_locate_station/srv/LocateStation.l)
Linked: (/home/seif/catkin_ws/devel/.private/tug_neo_locate_station/share/tug_neo_locate_station/cmake/tug_neo_locate_station-msg-paths.cmake, /home/seif/catkin_ws/devel/share/tug_neo_locate_station/cmake/tug_neo_locate_station-msg-paths.cmake)
Linked: (/home/seif/catkin_ws/devel/.private/tug_neo_locate_station/share/tug_neo_locate_station/cmake/tug_neo_locate_stationConfig-version.cmake, /home/seif/catkin_ws/devel/share/tug_neo_locate_station/cmake/tug_neo_locate_stationConfig-version.cmake)
Linked: (/home/seif/catkin_ws/devel/.private/tug_neo_locate_station/share/tug_neo_locate_station/cmake/tug_neo_locate_station-msg-extras.cmake, /home/seif/catkin_ws/devel/share/tug_neo_locate_station/cmake/tug_neo_locate_station-msg-extras.cmake)
Linked: (/home/seif/catkin_ws/devel/.private/tug_neo_locate_station/share/tug_neo_locate_station/cmake/tug_neo_locate_stationConfig.cmake, /home/seif/catkin_ws/devel/share/tug_neo_locate_station/cmake/tug_neo_locate_stationConfig.cmake)
Linked: (/home/seif/catkin_ws/devel/.private/tug_neo_locate_station/share/common-lisp/ros/tug_neo_locate_station/srv/_package_LocateStation.lisp, /home/seif/catkin_ws/devel/share/common-lisp/ros/tug_neo_locate_station/srv/_package_LocateStation.lisp)
Linked: (/home/seif/catkin_ws/devel/.private/tug_neo_locate_station/share/common-lisp/ros/tug_neo_locate_station/srv/LocateStation.lisp, /home/seif/catkin_ws/devel/share/common-lisp/ros/tug_neo_locate_station/srv/LocateStation.lisp)
Linked: (/home/seif/catkin_ws/devel/.private/tug_neo_locate_station/share/common-lisp/ros/tug_neo_locate_station/srv/tug_neo_locate_station-srv.asd, /home/seif/catkin_ws/devel/share/common-lisp/ros/tug_neo_locate_station/srv/tug_neo_locate_station-srv.asd)
Linked: (/home/seif/catkin_ws/devel/.private/tug_neo_locate_station/share/common-lisp/ros/tug_neo_locate_station/srv/_package.lisp, /home/seif/catkin_ws/devel/share/common-lisp/ros/tug_neo_locate_station/srv/_package.lisp)
Linked: (/home/seif/catkin_ws/devel/.private/tug_neo_locate_station/include/tug_neo_locate_station/LocateStation.h, /home/seif/catkin_ws/devel/include/tug_neo_locate_station/LocateStation.h)
Linked: (/home/seif/catkin_ws/devel/.private/tug_neo_locate_station/include/tug_neo_locate_station/LocateStationRequest.h, /home/seif/catkin_ws/devel/include/tug_neo_locate_station/LocateStationRequest.h)
Linked: (/home/seif/catkin_ws/devel/.private/tug_neo_locate_station/include/tug_neo_locate_station/LocateStationResponse.h, /home/seif/catkin_ws/devel/include/tug_neo_locate_station/LocateStationResponse.h)
